

Started GET "/questions" for ::1 at 2015-06-22 12:41:50 -0400

ActionController::RoutingError (No route matches [GET] "/questions"):
  actionpack (4.2.2) lib/action_dispatch/middleware/debug_exceptions.rb:21:in `call'
  web-console (2.1.3) lib/web_console/middleware.rb:37:in `call'
  actionpack (4.2.2) lib/action_dispatch/middleware/show_exceptions.rb:30:in `call'
  railties (4.2.2) lib/rails/rack/logger.rb:38:in `call_app'
  railties (4.2.2) lib/rails/rack/logger.rb:20:in `block in call'
  activesupport (4.2.2) lib/active_support/tagged_logging.rb:68:in `block in tagged'
  activesupport (4.2.2) lib/active_support/tagged_logging.rb:26:in `tagged'
  activesupport (4.2.2) lib/active_support/tagged_logging.rb:68:in `tagged'
  railties (4.2.2) lib/rails/rack/logger.rb:20:in `call'
  actionpack (4.2.2) lib/action_dispatch/middleware/request_id.rb:21:in `call'
  rack (1.6.4) lib/rack/methodoverride.rb:22:in `call'
  rack (1.6.4) lib/rack/runtime.rb:18:in `call'
  activesupport (4.2.2) lib/active_support/cache/strategy/local_cache_middleware.rb:28:in `call'
  rack (1.6.4) lib/rack/lock.rb:17:in `call'
  actionpack (4.2.2) lib/action_dispatch/middleware/static.rb:113:in `call'
  rack (1.6.4) lib/rack/sendfile.rb:113:in `call'
  railties (4.2.2) lib/rails/engine.rb:518:in `call'
  railties (4.2.2) lib/rails/application.rb:164:in `call'
  rack (1.6.4) lib/rack/lock.rb:17:in `call'
  rack (1.6.4) lib/rack/content_length.rb:15:in `call'
  rack (1.6.4) lib/rack/handler/webrick.rb:88:in `service'
  /Users/mlg/.rubies/ruby-2.0.0-p576/lib/ruby/2.0.0/webrick/httpserver.rb:138:in `service'
  /Users/mlg/.rubies/ruby-2.0.0-p576/lib/ruby/2.0.0/webrick/httpserver.rb:94:in `run'
  /Users/mlg/.rubies/ruby-2.0.0-p576/lib/ruby/2.0.0/webrick/server.rb:295:in `block in start_thread'


  Rendered /Users/mlg/.gem/ruby/2.0.0/gems/actionpack-4.2.2/lib/action_dispatch/middleware/templates/rescues/_trace.html.erb (1.8ms)
  Rendered /Users/mlg/.gem/ruby/2.0.0/gems/actionpack-4.2.2/lib/action_dispatch/middleware/templates/routes/_table.html.erb (8.6ms)
  Rendered /Users/mlg/.gem/ruby/2.0.0/gems/actionpack-4.2.2/lib/action_dispatch/middleware/templates/rescues/_request_and_response.html.erb (16.0ms)
  Rendered /Users/mlg/.gem/ruby/2.0.0/gems/actionpack-4.2.2/lib/action_dispatch/middleware/templates/rescues/routing_error.html.erb within rescues/layout (51.3ms)
  Rendered /Users/mlg/.gem/ruby/2.0.0/gems/web-console-2.1.3/lib/web_console/templates/_markup.html.erb (0.6ms)
  Rendered /Users/mlg/.gem/ruby/2.0.0/gems/web-console-2.1.3/lib/web_console/templates/style.css.erb within layouts/inlined_string (0.6ms)
  Rendered /Users/mlg/.gem/ruby/2.0.0/gems/web-console-2.1.3/lib/web_console/templates/_inner_console_markup.html.erb within layouts/inlined_string (0.7ms)
  Rendered /Users/mlg/.gem/ruby/2.0.0/gems/web-console-2.1.3/lib/web_console/templates/_prompt_box_markup.html.erb within layouts/inlined_string (0.6ms)
  Rendered /Users/mlg/.gem/ruby/2.0.0/gems/web-console-2.1.3/lib/web_console/templates/console.js.erb within layouts/javascript (28.3ms)
  Rendered /Users/mlg/.gem/ruby/2.0.0/gems/web-console-2.1.3/lib/web_console/templates/main.js.erb within layouts/javascript (0.6ms)
  Rendered /Users/mlg/.gem/ruby/2.0.0/gems/web-console-2.1.3/lib/web_console/templates/error_page.js.erb within layouts/javascript (0.5ms)
  Rendered /Users/mlg/.gem/ruby/2.0.0/gems/web-console-2.1.3/lib/web_console/templates/index.html.erb (57.7ms)


Started GET "/questions" for ::1 at 2015-06-22 12:42:29 -0400

ActionController::RoutingError (No route matches [GET] "/questions"):
  actionpack (4.2.2) lib/action_dispatch/middleware/debug_exceptions.rb:21:in `call'
  web-console (2.1.3) lib/web_console/middleware.rb:37:in `call'
  actionpack (4.2.2) lib/action_dispatch/middleware/show_exceptions.rb:30:in `call'
  railties (4.2.2) lib/rails/rack/logger.rb:38:in `call_app'
  railties (4.2.2) lib/rails/rack/logger.rb:20:in `block in call'
  activesupport (4.2.2) lib/active_support/tagged_logging.rb:68:in `block in tagged'
  activesupport (4.2.2) lib/active_support/tagged_logging.rb:26:in `tagged'
  activesupport (4.2.2) lib/active_support/tagged_logging.rb:68:in `tagged'
  railties (4.2.2) lib/rails/rack/logger.rb:20:in `call'
  actionpack (4.2.2) lib/action_dispatch/middleware/request_id.rb:21:in `call'
  rack (1.6.4) lib/rack/methodoverride.rb:22:in `call'
  rack (1.6.4) lib/rack/runtime.rb:18:in `call'
  activesupport (4.2.2) lib/active_support/cache/strategy/local_cache_middleware.rb:28:in `call'
  rack (1.6.4) lib/rack/lock.rb:17:in `call'
  actionpack (4.2.2) lib/action_dispatch/middleware/static.rb:113:in `call'
  rack (1.6.4) lib/rack/sendfile.rb:113:in `call'
  railties (4.2.2) lib/rails/engine.rb:518:in `call'
  railties (4.2.2) lib/rails/application.rb:164:in `call'
  rack (1.6.4) lib/rack/lock.rb:17:in `call'
  rack (1.6.4) lib/rack/content_length.rb:15:in `call'
  rack (1.6.4) lib/rack/handler/webrick.rb:88:in `service'
  /Users/mlg/.rubies/ruby-2.0.0-p576/lib/ruby/2.0.0/webrick/httpserver.rb:138:in `service'
  /Users/mlg/.rubies/ruby-2.0.0-p576/lib/ruby/2.0.0/webrick/httpserver.rb:94:in `run'
  /Users/mlg/.rubies/ruby-2.0.0-p576/lib/ruby/2.0.0/webrick/server.rb:295:in `block in start_thread'


  Rendered /Users/mlg/.gem/ruby/2.0.0/gems/actionpack-4.2.2/lib/action_dispatch/middleware/templates/rescues/_trace.html.erb (1.4ms)
  Rendered /Users/mlg/.gem/ruby/2.0.0/gems/actionpack-4.2.2/lib/action_dispatch/middleware/templates/routes/_table.html.erb (47.4ms)
  Rendered /Users/mlg/.gem/ruby/2.0.0/gems/actionpack-4.2.2/lib/action_dispatch/middleware/templates/rescues/_request_and_response.html.erb (2.2ms)
  Rendered /Users/mlg/.gem/ruby/2.0.0/gems/actionpack-4.2.2/lib/action_dispatch/middleware/templates/rescues/routing_error.html.erb within rescues/layout (66.1ms)
  Rendered /Users/mlg/.gem/ruby/2.0.0/gems/web-console-2.1.3/lib/web_console/templates/_markup.html.erb (0.7ms)
  Rendered /Users/mlg/.gem/ruby/2.0.0/gems/web-console-2.1.3/lib/web_console/templates/style.css.erb within layouts/inlined_string (0.6ms)
  Rendered /Users/mlg/.gem/ruby/2.0.0/gems/web-console-2.1.3/lib/web_console/templates/_inner_console_markup.html.erb within layouts/inlined_string (0.6ms)
  Rendered /Users/mlg/.gem/ruby/2.0.0/gems/web-console-2.1.3/lib/web_console/templates/_prompt_box_markup.html.erb within layouts/inlined_string (0.6ms)
  Rendered /Users/mlg/.gem/ruby/2.0.0/gems/web-console-2.1.3/lib/web_console/templates/console.js.erb within layouts/javascript (26.4ms)
  Rendered /Users/mlg/.gem/ruby/2.0.0/gems/web-console-2.1.3/lib/web_console/templates/main.js.erb within layouts/javascript (0.5ms)
  Rendered /Users/mlg/.gem/ruby/2.0.0/gems/web-console-2.1.3/lib/web_console/templates/error_page.js.erb within layouts/javascript (0.7ms)
  Rendered /Users/mlg/.gem/ruby/2.0.0/gems/web-console-2.1.3/lib/web_console/templates/index.html.erb (47.2ms)


Started GET "/questions" for ::1 at 2015-06-22 12:42:42 -0400

ActionController::RoutingError (No route matches [GET] "/questions"):
  actionpack (4.2.2) lib/action_dispatch/middleware/debug_exceptions.rb:21:in `call'
  web-console (2.1.3) lib/web_console/middleware.rb:37:in `call'
  actionpack (4.2.2) lib/action_dispatch/middleware/show_exceptions.rb:30:in `call'
  railties (4.2.2) lib/rails/rack/logger.rb:38:in `call_app'
  railties (4.2.2) lib/rails/rack/logger.rb:20:in `block in call'
  activesupport (4.2.2) lib/active_support/tagged_logging.rb:68:in `block in tagged'
  activesupport (4.2.2) lib/active_support/tagged_logging.rb:26:in `tagged'
  activesupport (4.2.2) lib/active_support/tagged_logging.rb:68:in `tagged'
  railties (4.2.2) lib/rails/rack/logger.rb:20:in `call'
  actionpack (4.2.2) lib/action_dispatch/middleware/request_id.rb:21:in `call'
  rack (1.6.4) lib/rack/methodoverride.rb:22:in `call'
  rack (1.6.4) lib/rack/runtime.rb:18:in `call'
  activesupport (4.2.2) lib/active_support/cache/strategy/local_cache_middleware.rb:28:in `call'
  rack (1.6.4) lib/rack/lock.rb:17:in `call'
  actionpack (4.2.2) lib/action_dispatch/middleware/static.rb:113:in `call'
  rack (1.6.4) lib/rack/sendfile.rb:113:in `call'
  railties (4.2.2) lib/rails/engine.rb:518:in `call'
  railties (4.2.2) lib/rails/application.rb:164:in `call'
  rack (1.6.4) lib/rack/lock.rb:17:in `call'
  rack (1.6.4) lib/rack/content_length.rb:15:in `call'
  rack (1.6.4) lib/rack/handler/webrick.rb:88:in `service'
  /Users/mlg/.rubies/ruby-2.0.0-p576/lib/ruby/2.0.0/webrick/httpserver.rb:138:in `service'
  /Users/mlg/.rubies/ruby-2.0.0-p576/lib/ruby/2.0.0/webrick/httpserver.rb:94:in `run'
  /Users/mlg/.rubies/ruby-2.0.0-p576/lib/ruby/2.0.0/webrick/server.rb:295:in `block in start_thread'


  Rendered /Users/mlg/.gem/ruby/2.0.0/gems/actionpack-4.2.2/lib/action_dispatch/middleware/templates/rescues/_trace.html.erb (1.4ms)
  Rendered /Users/mlg/.gem/ruby/2.0.0/gems/actionpack-4.2.2/lib/action_dispatch/middleware/templates/routes/_table.html.erb (1.9ms)
  Rendered /Users/mlg/.gem/ruby/2.0.0/gems/actionpack-4.2.2/lib/action_dispatch/middleware/templates/rescues/_request_and_response.html.erb (1.3ms)
  Rendered /Users/mlg/.gem/ruby/2.0.0/gems/actionpack-4.2.2/lib/action_dispatch/middleware/templates/rescues/routing_error.html.erb within rescues/layout (20.7ms)
  Rendered /Users/mlg/.gem/ruby/2.0.0/gems/web-console-2.1.3/lib/web_console/templates/_markup.html.erb (0.5ms)
  Rendered /Users/mlg/.gem/ruby/2.0.0/gems/web-console-2.1.3/lib/web_console/templates/style.css.erb within layouts/inlined_string (0.3ms)
  Rendered /Users/mlg/.gem/ruby/2.0.0/gems/web-console-2.1.3/lib/web_console/templates/_inner_console_markup.html.erb within layouts/inlined_string (0.4ms)
  Rendered /Users/mlg/.gem/ruby/2.0.0/gems/web-console-2.1.3/lib/web_console/templates/_prompt_box_markup.html.erb within layouts/inlined_string (0.4ms)
  Rendered /Users/mlg/.gem/ruby/2.0.0/gems/web-console-2.1.3/lib/web_console/templates/console.js.erb within layouts/javascript (19.9ms)
  Rendered /Users/mlg/.gem/ruby/2.0.0/gems/web-console-2.1.3/lib/web_console/templates/main.js.erb within layouts/javascript (0.5ms)
  Rendered /Users/mlg/.gem/ruby/2.0.0/gems/web-console-2.1.3/lib/web_console/templates/error_page.js.erb within layouts/javascript (0.7ms)
  Rendered /Users/mlg/.gem/ruby/2.0.0/gems/web-console-2.1.3/lib/web_console/templates/index.html.erb (49.2ms)


Started GET "/questions" for ::1 at 2015-06-22 12:42:43 -0400

ActionController::RoutingError (No route matches [GET] "/questions"):
  actionpack (4.2.2) lib/action_dispatch/middleware/debug_exceptions.rb:21:in `call'
  web-console (2.1.3) lib/web_console/middleware.rb:37:in `call'
  actionpack (4.2.2) lib/action_dispatch/middleware/show_exceptions.rb:30:in `call'
  railties (4.2.2) lib/rails/rack/logger.rb:38:in `call_app'
  railties (4.2.2) lib/rails/rack/logger.rb:20:in `block in call'
  activesupport (4.2.2) lib/active_support/tagged_logging.rb:68:in `block in tagged'
  activesupport (4.2.2) lib/active_support/tagged_logging.rb:26:in `tagged'
  activesupport (4.2.2) lib/active_support/tagged_logging.rb:68:in `tagged'
  railties (4.2.2) lib/rails/rack/logger.rb:20:in `call'
  actionpack (4.2.2) lib/action_dispatch/middleware/request_id.rb:21:in `call'
  rack (1.6.4) lib/rack/methodoverride.rb:22:in `call'
  rack (1.6.4) lib/rack/runtime.rb:18:in `call'
  activesupport (4.2.2) lib/active_support/cache/strategy/local_cache_middleware.rb:28:in `call'
  rack (1.6.4) lib/rack/lock.rb:17:in `call'
  actionpack (4.2.2) lib/action_dispatch/middleware/static.rb:113:in `call'
  rack (1.6.4) lib/rack/sendfile.rb:113:in `call'
  railties (4.2.2) lib/rails/engine.rb:518:in `call'
  railties (4.2.2) lib/rails/application.rb:164:in `call'
  rack (1.6.4) lib/rack/lock.rb:17:in `call'
  rack (1.6.4) lib/rack/content_length.rb:15:in `call'
  rack (1.6.4) lib/rack/handler/webrick.rb:88:in `service'
  /Users/mlg/.rubies/ruby-2.0.0-p576/lib/ruby/2.0.0/webrick/httpserver.rb:138:in `service'
  /Users/mlg/.rubies/ruby-2.0.0-p576/lib/ruby/2.0.0/webrick/httpserver.rb:94:in `run'
  /Users/mlg/.rubies/ruby-2.0.0-p576/lib/ruby/2.0.0/webrick/server.rb:295:in `block in start_thread'


  Rendered /Users/mlg/.gem/ruby/2.0.0/gems/actionpack-4.2.2/lib/action_dispatch/middleware/templates/rescues/_trace.html.erb (2.4ms)
  Rendered /Users/mlg/.gem/ruby/2.0.0/gems/actionpack-4.2.2/lib/action_dispatch/middleware/templates/routes/_table.html.erb (2.4ms)
  Rendered /Users/mlg/.gem/ruby/2.0.0/gems/actionpack-4.2.2/lib/action_dispatch/middleware/templates/rescues/_request_and_response.html.erb (1.6ms)
  Rendered /Users/mlg/.gem/ruby/2.0.0/gems/actionpack-4.2.2/lib/action_dispatch/middleware/templates/rescues/routing_error.html.erb within rescues/layout (25.6ms)
  Rendered /Users/mlg/.gem/ruby/2.0.0/gems/web-console-2.1.3/lib/web_console/templates/_markup.html.erb (0.7ms)
  Rendered /Users/mlg/.gem/ruby/2.0.0/gems/web-console-2.1.3/lib/web_console/templates/style.css.erb within layouts/inlined_string (0.5ms)
  Rendered /Users/mlg/.gem/ruby/2.0.0/gems/web-console-2.1.3/lib/web_console/templates/_inner_console_markup.html.erb within layouts/inlined_string (0.4ms)
  Rendered /Users/mlg/.gem/ruby/2.0.0/gems/web-console-2.1.3/lib/web_console/templates/_prompt_box_markup.html.erb within layouts/inlined_string (0.3ms)
  Rendered /Users/mlg/.gem/ruby/2.0.0/gems/web-console-2.1.3/lib/web_console/templates/console.js.erb within layouts/javascript (17.3ms)
  Rendered /Users/mlg/.gem/ruby/2.0.0/gems/web-console-2.1.3/lib/web_console/templates/main.js.erb within layouts/javascript (0.4ms)
  Rendered /Users/mlg/.gem/ruby/2.0.0/gems/web-console-2.1.3/lib/web_console/templates/error_page.js.erb within layouts/javascript (0.5ms)
  Rendered /Users/mlg/.gem/ruby/2.0.0/gems/web-console-2.1.3/lib/web_console/templates/index.html.erb (36.3ms)


Started GET "/questions" for ::1 at 2015-06-22 12:43:31 -0400

ActionController::RoutingError (No route matches [GET] "/questions"):
  actionpack (4.2.2) lib/action_dispatch/middleware/debug_exceptions.rb:21:in `call'
  web-console (2.1.3) lib/web_console/middleware.rb:37:in `call'
  actionpack (4.2.2) lib/action_dispatch/middleware/show_exceptions.rb:30:in `call'
  railties (4.2.2) lib/rails/rack/logger.rb:38:in `call_app'
  railties (4.2.2) lib/rails/rack/logger.rb:20:in `block in call'
  activesupport (4.2.2) lib/active_support/tagged_logging.rb:68:in `block in tagged'
  activesupport (4.2.2) lib/active_support/tagged_logging.rb:26:in `tagged'
  activesupport (4.2.2) lib/active_support/tagged_logging.rb:68:in `tagged'
  railties (4.2.2) lib/rails/rack/logger.rb:20:in `call'
  actionpack (4.2.2) lib/action_dispatch/middleware/request_id.rb:21:in `call'
  rack (1.6.4) lib/rack/methodoverride.rb:22:in `call'
  rack (1.6.4) lib/rack/runtime.rb:18:in `call'
  activesupport (4.2.2) lib/active_support/cache/strategy/local_cache_middleware.rb:28:in `call'
  rack (1.6.4) lib/rack/lock.rb:17:in `call'
  actionpack (4.2.2) lib/action_dispatch/middleware/static.rb:113:in `call'
  rack (1.6.4) lib/rack/sendfile.rb:113:in `call'
  railties (4.2.2) lib/rails/engine.rb:518:in `call'
  railties (4.2.2) lib/rails/application.rb:164:in `call'
  rack (1.6.4) lib/rack/lock.rb:17:in `call'
  rack (1.6.4) lib/rack/content_length.rb:15:in `call'
  rack (1.6.4) lib/rack/handler/webrick.rb:88:in `service'
  /Users/mlg/.rubies/ruby-2.0.0-p576/lib/ruby/2.0.0/webrick/httpserver.rb:138:in `service'
  /Users/mlg/.rubies/ruby-2.0.0-p576/lib/ruby/2.0.0/webrick/httpserver.rb:94:in `run'
  /Users/mlg/.rubies/ruby-2.0.0-p576/lib/ruby/2.0.0/webrick/server.rb:295:in `block in start_thread'


  Rendered /Users/mlg/.gem/ruby/2.0.0/gems/actionpack-4.2.2/lib/action_dispatch/middleware/templates/rescues/_trace.html.erb (1.3ms)
  Rendered /Users/mlg/.gem/ruby/2.0.0/gems/actionpack-4.2.2/lib/action_dispatch/middleware/templates/routes/_table.html.erb (42.9ms)
  Rendered /Users/mlg/.gem/ruby/2.0.0/gems/actionpack-4.2.2/lib/action_dispatch/middleware/templates/rescues/_request_and_response.html.erb (58.6ms)
  Rendered /Users/mlg/.gem/ruby/2.0.0/gems/actionpack-4.2.2/lib/action_dispatch/middleware/templates/rescues/routing_error.html.erb within rescues/layout (116.8ms)
  Rendered /Users/mlg/.gem/ruby/2.0.0/gems/web-console-2.1.3/lib/web_console/templates/_markup.html.erb (0.4ms)
  Rendered /Users/mlg/.gem/ruby/2.0.0/gems/web-console-2.1.3/lib/web_console/templates/style.css.erb within layouts/inlined_string (0.4ms)
  Rendered /Users/mlg/.gem/ruby/2.0.0/gems/web-console-2.1.3/lib/web_console/templates/_inner_console_markup.html.erb within layouts/inlined_string (0.3ms)
  Rendered /Users/mlg/.gem/ruby/2.0.0/gems/web-console-2.1.3/lib/web_console/templates/_prompt_box_markup.html.erb within layouts/inlined_string (0.3ms)
  Rendered /Users/mlg/.gem/ruby/2.0.0/gems/web-console-2.1.3/lib/web_console/templates/console.js.erb within layouts/javascript (17.5ms)
  Rendered /Users/mlg/.gem/ruby/2.0.0/gems/web-console-2.1.3/lib/web_console/templates/main.js.erb within layouts/javascript (0.3ms)
  Rendered /Users/mlg/.gem/ruby/2.0.0/gems/web-console-2.1.3/lib/web_console/templates/error_page.js.erb within layouts/javascript (0.6ms)
  Rendered /Users/mlg/.gem/ruby/2.0.0/gems/web-console-2.1.3/lib/web_console/templates/index.html.erb (37.3ms)


Started GET "/questions" for ::1 at 2015-06-22 12:43:43 -0400

ActionController::RoutingError (No route matches [GET] "/questions"):
  actionpack (4.2.2) lib/action_dispatch/middleware/debug_exceptions.rb:21:in `call'
  web-console (2.1.3) lib/web_console/middleware.rb:37:in `call'
  actionpack (4.2.2) lib/action_dispatch/middleware/show_exceptions.rb:30:in `call'
  railties (4.2.2) lib/rails/rack/logger.rb:38:in `call_app'
  railties (4.2.2) lib/rails/rack/logger.rb:20:in `block in call'
  activesupport (4.2.2) lib/active_support/tagged_logging.rb:68:in `block in tagged'
  activesupport (4.2.2) lib/active_support/tagged_logging.rb:26:in `tagged'
  activesupport (4.2.2) lib/active_support/tagged_logging.rb:68:in `tagged'
  railties (4.2.2) lib/rails/rack/logger.rb:20:in `call'
  actionpack (4.2.2) lib/action_dispatch/middleware/request_id.rb:21:in `call'
  rack (1.6.4) lib/rack/methodoverride.rb:22:in `call'
  rack (1.6.4) lib/rack/runtime.rb:18:in `call'
  activesupport (4.2.2) lib/active_support/cache/strategy/local_cache_middleware.rb:28:in `call'
  rack (1.6.4) lib/rack/lock.rb:17:in `call'
  actionpack (4.2.2) lib/action_dispatch/middleware/static.rb:113:in `call'
  rack (1.6.4) lib/rack/sendfile.rb:113:in `call'
  railties (4.2.2) lib/rails/engine.rb:518:in `call'
  railties (4.2.2) lib/rails/application.rb:164:in `call'
  rack (1.6.4) lib/rack/lock.rb:17:in `call'
  rack (1.6.4) lib/rack/content_length.rb:15:in `call'
  rack (1.6.4) lib/rack/handler/webrick.rb:88:in `service'
  /Users/mlg/.rubies/ruby-2.0.0-p576/lib/ruby/2.0.0/webrick/httpserver.rb:138:in `service'
  /Users/mlg/.rubies/ruby-2.0.0-p576/lib/ruby/2.0.0/webrick/httpserver.rb:94:in `run'
  /Users/mlg/.rubies/ruby-2.0.0-p576/lib/ruby/2.0.0/webrick/server.rb:295:in `block in start_thread'


  Rendered /Users/mlg/.gem/ruby/2.0.0/gems/actionpack-4.2.2/lib/action_dispatch/middleware/templates/rescues/_trace.html.erb (1.5ms)
  Rendered /Users/mlg/.gem/ruby/2.0.0/gems/actionpack-4.2.2/lib/action_dispatch/middleware/templates/routes/_table.html.erb (9.3ms)
  Rendered /Users/mlg/.gem/ruby/2.0.0/gems/actionpack-4.2.2/lib/action_dispatch/middleware/templates/rescues/_request_and_response.html.erb (12.6ms)
  Rendered /Users/mlg/.gem/ruby/2.0.0/gems/actionpack-4.2.2/lib/action_dispatch/middleware/templates/rescues/routing_error.html.erb within rescues/layout (49.1ms)
  Rendered /Users/mlg/.gem/ruby/2.0.0/gems/web-console-2.1.3/lib/web_console/templates/_markup.html.erb (0.7ms)
  Rendered /Users/mlg/.gem/ruby/2.0.0/gems/web-console-2.1.3/lib/web_console/templates/style.css.erb within layouts/inlined_string (0.7ms)
  Rendered /Users/mlg/.gem/ruby/2.0.0/gems/web-console-2.1.3/lib/web_console/templates/_inner_console_markup.html.erb within layouts/inlined_string (0.4ms)
  Rendered /Users/mlg/.gem/ruby/2.0.0/gems/web-console-2.1.3/lib/web_console/templates/_prompt_box_markup.html.erb within layouts/inlined_string (0.6ms)
  Rendered /Users/mlg/.gem/ruby/2.0.0/gems/web-console-2.1.3/lib/web_console/templates/console.js.erb within layouts/javascript (21.7ms)
  Rendered /Users/mlg/.gem/ruby/2.0.0/gems/web-console-2.1.3/lib/web_console/templates/main.js.erb within layouts/javascript (0.3ms)
  Rendered /Users/mlg/.gem/ruby/2.0.0/gems/web-console-2.1.3/lib/web_console/templates/error_page.js.erb within layouts/javascript (0.7ms)
  Rendered /Users/mlg/.gem/ruby/2.0.0/gems/web-console-2.1.3/lib/web_console/templates/index.html.erb (43.6ms)


Started GET "/questions" for ::1 at 2015-06-22 12:44:14 -0400

ActionController::RoutingError (uninitialized constant QuestionsController):
  activesupport (4.2.2) lib/active_support/inflector/methods.rb:261:in `const_get'
  activesupport (4.2.2) lib/active_support/inflector/methods.rb:261:in `block in constantize'
  activesupport (4.2.2) lib/active_support/inflector/methods.rb:259:in `each'
  activesupport (4.2.2) lib/active_support/inflector/methods.rb:259:in `inject'
  activesupport (4.2.2) lib/active_support/inflector/methods.rb:259:in `constantize'
  actionpack (4.2.2) lib/action_dispatch/routing/route_set.rb:70:in `controller_reference'
  actionpack (4.2.2) lib/action_dispatch/routing/route_set.rb:60:in `controller'
  actionpack (4.2.2) lib/action_dispatch/routing/route_set.rb:39:in `serve'
  actionpack (4.2.2) lib/action_dispatch/journey/router.rb:43:in `block in serve'
  actionpack (4.2.2) lib/action_dispatch/journey/router.rb:30:in `each'
  actionpack (4.2.2) lib/action_dispatch/journey/router.rb:30:in `serve'
  actionpack (4.2.2) lib/action_dispatch/routing/route_set.rb:819:in `call'
  rack (1.6.4) lib/rack/etag.rb:24:in `call'
  rack (1.6.4) lib/rack/conditionalget.rb:25:in `call'
  rack (1.6.4) lib/rack/head.rb:13:in `call'
  actionpack (4.2.2) lib/action_dispatch/middleware/params_parser.rb:27:in `call'
  actionpack (4.2.2) lib/action_dispatch/middleware/flash.rb:260:in `call'
  rack (1.6.4) lib/rack/session/abstract/id.rb:225:in `context'
  rack (1.6.4) lib/rack/session/abstract/id.rb:220:in `call'
  actionpack (4.2.2) lib/action_dispatch/middleware/cookies.rb:560:in `call'
  activerecord (4.2.2) lib/active_record/query_cache.rb:36:in `call'
  activerecord (4.2.2) lib/active_record/connection_adapters/abstract/connection_pool.rb:649:in `call'
  activerecord (4.2.2) lib/active_record/migration.rb:378:in `call'
  actionpack (4.2.2) lib/action_dispatch/middleware/callbacks.rb:29:in `block in call'
  activesupport (4.2.2) lib/active_support/callbacks.rb:88:in `call'
  activesupport (4.2.2) lib/active_support/callbacks.rb:88:in `_run_callbacks'
  activesupport (4.2.2) lib/active_support/callbacks.rb:776:in `_run_call_callbacks'
  activesupport (4.2.2) lib/active_support/callbacks.rb:81:in `run_callbacks'
  actionpack (4.2.2) lib/action_dispatch/middleware/callbacks.rb:27:in `call'
  actionpack (4.2.2) lib/action_dispatch/middleware/reloader.rb:73:in `call'
  actionpack (4.2.2) lib/action_dispatch/middleware/remote_ip.rb:78:in `call'
  actionpack (4.2.2) lib/action_dispatch/middleware/debug_exceptions.rb:17:in `call'
  web-console (2.1.3) lib/web_console/middleware.rb:37:in `call'
  actionpack (4.2.2) lib/action_dispatch/middleware/show_exceptions.rb:30:in `call'
  railties (4.2.2) lib/rails/rack/logger.rb:38:in `call_app'
  railties (4.2.2) lib/rails/rack/logger.rb:20:in `block in call'
  activesupport (4.2.2) lib/active_support/tagged_logging.rb:68:in `block in tagged'
  activesupport (4.2.2) lib/active_support/tagged_logging.rb:26:in `tagged'
  activesupport (4.2.2) lib/active_support/tagged_logging.rb:68:in `tagged'
  railties (4.2.2) lib/rails/rack/logger.rb:20:in `call'
  actionpack (4.2.2) lib/action_dispatch/middleware/request_id.rb:21:in `call'
  rack (1.6.4) lib/rack/methodoverride.rb:22:in `call'
  rack (1.6.4) lib/rack/runtime.rb:18:in `call'
  activesupport (4.2.2) lib/active_support/cache/strategy/local_cache_middleware.rb:28:in `call'
  rack (1.6.4) lib/rack/lock.rb:17:in `call'
  actionpack (4.2.2) lib/action_dispatch/middleware/static.rb:113:in `call'
  rack (1.6.4) lib/rack/sendfile.rb:113:in `call'
  railties (4.2.2) lib/rails/engine.rb:518:in `call'
  railties (4.2.2) lib/rails/application.rb:164:in `call'
  rack (1.6.4) lib/rack/lock.rb:17:in `call'
  rack (1.6.4) lib/rack/content_length.rb:15:in `call'
  rack (1.6.4) lib/rack/handler/webrick.rb:88:in `service'
  /Users/mlg/.rubies/ruby-2.0.0-p576/lib/ruby/2.0.0/webrick/httpserver.rb:138:in `service'
  /Users/mlg/.rubies/ruby-2.0.0-p576/lib/ruby/2.0.0/webrick/httpserver.rb:94:in `run'
  /Users/mlg/.rubies/ruby-2.0.0-p576/lib/ruby/2.0.0/webrick/server.rb:295:in `block in start_thread'


  Rendered /Users/mlg/.gem/ruby/2.0.0/gems/actionpack-4.2.2/lib/action_dispatch/middleware/templates/rescues/_trace.html.erb (4.8ms)
  Rendered /Users/mlg/.gem/ruby/2.0.0/gems/actionpack-4.2.2/lib/action_dispatch/middleware/templates/routes/_route.html.erb (1.1ms)
  Rendered /Users/mlg/.gem/ruby/2.0.0/gems/actionpack-4.2.2/lib/action_dispatch/middleware/templates/routes/_table.html.erb (2.0ms)
  Rendered /Users/mlg/.gem/ruby/2.0.0/gems/actionpack-4.2.2/lib/action_dispatch/middleware/templates/rescues/_request_and_response.html.erb (2.0ms)
  Rendered /Users/mlg/.gem/ruby/2.0.0/gems/actionpack-4.2.2/lib/action_dispatch/middleware/templates/rescues/routing_error.html.erb within rescues/layout (38.9ms)
  Rendered /Users/mlg/.gem/ruby/2.0.0/gems/web-console-2.1.3/lib/web_console/templates/_markup.html.erb (0.7ms)
  Rendered /Users/mlg/.gem/ruby/2.0.0/gems/web-console-2.1.3/lib/web_console/templates/style.css.erb within layouts/inlined_string (0.4ms)
  Rendered /Users/mlg/.gem/ruby/2.0.0/gems/web-console-2.1.3/lib/web_console/templates/_inner_console_markup.html.erb within layouts/inlined_string (0.4ms)
  Rendered /Users/mlg/.gem/ruby/2.0.0/gems/web-console-2.1.3/lib/web_console/templates/_prompt_box_markup.html.erb within layouts/inlined_string (0.5ms)
  Rendered /Users/mlg/.gem/ruby/2.0.0/gems/web-console-2.1.3/lib/web_console/templates/console.js.erb within layouts/javascript (19.9ms)
  Rendered /Users/mlg/.gem/ruby/2.0.0/gems/web-console-2.1.3/lib/web_console/templates/main.js.erb within layouts/javascript (0.4ms)
  Rendered /Users/mlg/.gem/ruby/2.0.0/gems/web-console-2.1.3/lib/web_console/templates/error_page.js.erb within layouts/javascript (0.5ms)
  Rendered /Users/mlg/.gem/ruby/2.0.0/gems/web-console-2.1.3/lib/web_console/templates/index.html.erb (43.8ms)


Started GET "/questions" for ::1 at 2015-06-22 12:45:00 -0400

AbstractController::ActionNotFound (The action 'index' could not be found for QuestionsController):
  actionpack (4.2.2) lib/abstract_controller/base.rb:132:in `process'
  actionview (4.2.2) lib/action_view/rendering.rb:30:in `process'
  actionpack (4.2.2) lib/action_controller/metal.rb:196:in `dispatch'
  actionpack (4.2.2) lib/action_controller/metal/rack_delegation.rb:13:in `dispatch'
  actionpack (4.2.2) lib/action_controller/metal.rb:237:in `block in action'
  actionpack (4.2.2) lib/action_dispatch/routing/route_set.rb:74:in `call'
  actionpack (4.2.2) lib/action_dispatch/routing/route_set.rb:74:in `dispatch'
  actionpack (4.2.2) lib/action_dispatch/routing/route_set.rb:43:in `serve'
  actionpack (4.2.2) lib/action_dispatch/journey/router.rb:43:in `block in serve'
  actionpack (4.2.2) lib/action_dispatch/journey/router.rb:30:in `each'
  actionpack (4.2.2) lib/action_dispatch/journey/router.rb:30:in `serve'
  actionpack (4.2.2) lib/action_dispatch/routing/route_set.rb:819:in `call'
  rack (1.6.4) lib/rack/etag.rb:24:in `call'
  rack (1.6.4) lib/rack/conditionalget.rb:25:in `call'
  rack (1.6.4) lib/rack/head.rb:13:in `call'
  actionpack (4.2.2) lib/action_dispatch/middleware/params_parser.rb:27:in `call'
  actionpack (4.2.2) lib/action_dispatch/middleware/flash.rb:260:in `call'
  rack (1.6.4) lib/rack/session/abstract/id.rb:225:in `context'
  rack (1.6.4) lib/rack/session/abstract/id.rb:220:in `call'
  actionpack (4.2.2) lib/action_dispatch/middleware/cookies.rb:560:in `call'
  activerecord (4.2.2) lib/active_record/query_cache.rb:36:in `call'
  activerecord (4.2.2) lib/active_record/connection_adapters/abstract/connection_pool.rb:649:in `call'
  activerecord (4.2.2) lib/active_record/migration.rb:378:in `call'
  actionpack (4.2.2) lib/action_dispatch/middleware/callbacks.rb:29:in `block in call'
  activesupport (4.2.2) lib/active_support/callbacks.rb:88:in `call'
  activesupport (4.2.2) lib/active_support/callbacks.rb:88:in `_run_callbacks'
  activesupport (4.2.2) lib/active_support/callbacks.rb:776:in `_run_call_callbacks'
  activesupport (4.2.2) lib/active_support/callbacks.rb:81:in `run_callbacks'
  actionpack (4.2.2) lib/action_dispatch/middleware/callbacks.rb:27:in `call'
  actionpack (4.2.2) lib/action_dispatch/middleware/reloader.rb:73:in `call'
  actionpack (4.2.2) lib/action_dispatch/middleware/remote_ip.rb:78:in `call'
  actionpack (4.2.2) lib/action_dispatch/middleware/debug_exceptions.rb:17:in `call'
  web-console (2.1.3) lib/web_console/middleware.rb:37:in `call'
  actionpack (4.2.2) lib/action_dispatch/middleware/show_exceptions.rb:30:in `call'
  railties (4.2.2) lib/rails/rack/logger.rb:38:in `call_app'
  railties (4.2.2) lib/rails/rack/logger.rb:20:in `block in call'
  activesupport (4.2.2) lib/active_support/tagged_logging.rb:68:in `block in tagged'
  activesupport (4.2.2) lib/active_support/tagged_logging.rb:26:in `tagged'
  activesupport (4.2.2) lib/active_support/tagged_logging.rb:68:in `tagged'
  railties (4.2.2) lib/rails/rack/logger.rb:20:in `call'
  actionpack (4.2.2) lib/action_dispatch/middleware/request_id.rb:21:in `call'
  rack (1.6.4) lib/rack/methodoverride.rb:22:in `call'
  rack (1.6.4) lib/rack/runtime.rb:18:in `call'
  activesupport (4.2.2) lib/active_support/cache/strategy/local_cache_middleware.rb:28:in `call'
  rack (1.6.4) lib/rack/lock.rb:17:in `call'
  actionpack (4.2.2) lib/action_dispatch/middleware/static.rb:113:in `call'
  rack (1.6.4) lib/rack/sendfile.rb:113:in `call'
  railties (4.2.2) lib/rails/engine.rb:518:in `call'
  railties (4.2.2) lib/rails/application.rb:164:in `call'
  rack (1.6.4) lib/rack/lock.rb:17:in `call'
  rack (1.6.4) lib/rack/content_length.rb:15:in `call'
  rack (1.6.4) lib/rack/handler/webrick.rb:88:in `service'
  /Users/mlg/.rubies/ruby-2.0.0-p576/lib/ruby/2.0.0/webrick/httpserver.rb:138:in `service'
  /Users/mlg/.rubies/ruby-2.0.0-p576/lib/ruby/2.0.0/webrick/httpserver.rb:94:in `run'
  /Users/mlg/.rubies/ruby-2.0.0-p576/lib/ruby/2.0.0/webrick/server.rb:295:in `block in start_thread'


  Rendered /Users/mlg/.gem/ruby/2.0.0/gems/actionpack-4.2.2/lib/action_dispatch/middleware/templates/rescues/unknown_action.html.erb within rescues/layout (0.6ms)
  Rendered /Users/mlg/.gem/ruby/2.0.0/gems/web-console-2.1.3/lib/web_console/templates/_markup.html.erb (0.9ms)
  Rendered /Users/mlg/.gem/ruby/2.0.0/gems/web-console-2.1.3/lib/web_console/templates/style.css.erb within layouts/inlined_string (0.5ms)
  Rendered /Users/mlg/.gem/ruby/2.0.0/gems/web-console-2.1.3/lib/web_console/templates/_inner_console_markup.html.erb within layouts/inlined_string (0.3ms)
  Rendered /Users/mlg/.gem/ruby/2.0.0/gems/web-console-2.1.3/lib/web_console/templates/_prompt_box_markup.html.erb within layouts/inlined_string (0.4ms)
  Rendered /Users/mlg/.gem/ruby/2.0.0/gems/web-console-2.1.3/lib/web_console/templates/console.js.erb within layouts/javascript (21.9ms)
  Rendered /Users/mlg/.gem/ruby/2.0.0/gems/web-console-2.1.3/lib/web_console/templates/main.js.erb within layouts/javascript (0.4ms)
  Rendered /Users/mlg/.gem/ruby/2.0.0/gems/web-console-2.1.3/lib/web_console/templates/error_page.js.erb within layouts/javascript (0.5ms)
  Rendered /Users/mlg/.gem/ruby/2.0.0/gems/web-console-2.1.3/lib/web_console/templates/index.html.erb (48.5ms)


Started GET "/questions" for ::1 at 2015-06-22 12:45:07 -0400
Processing by QuestionsController#index as HTML
Completed 500 Internal Server Error in 1ms (ActiveRecord: 0.0ms)

ActionView::MissingTemplate (Missing template questions/index with {:locale=>[:en], :formats=>[:html], :variants=>[], :handlers=>[:erb, :builder, :raw, :ruby, :coffee, :jbuilder]}. Searched in:
  * "/Users/mlg/challenges/rescue-mission/app/views"
):
  actionview (4.2.2) lib/action_view/path_set.rb:46:in `find'
  actionview (4.2.2) lib/action_view/lookup_context.rb:121:in `find'
  actionview (4.2.2) lib/action_view/renderer/abstract_renderer.rb:18:in `find_template'
  actionview (4.2.2) lib/action_view/renderer/template_renderer.rb:40:in `determine_template'
  actionview (4.2.2) lib/action_view/renderer/template_renderer.rb:8:in `render'
  actionview (4.2.2) lib/action_view/renderer/renderer.rb:42:in `render_template'
  actionview (4.2.2) lib/action_view/renderer/renderer.rb:23:in `render'
  actionview (4.2.2) lib/action_view/rendering.rb:100:in `_render_template'
  actionpack (4.2.2) lib/action_controller/metal/streaming.rb:217:in `_render_template'
  actionview (4.2.2) lib/action_view/rendering.rb:83:in `render_to_body'
  actionpack (4.2.2) lib/action_controller/metal/rendering.rb:32:in `render_to_body'
  actionpack (4.2.2) lib/action_controller/metal/renderers.rb:37:in `render_to_body'
  actionpack (4.2.2) lib/abstract_controller/rendering.rb:25:in `render'
  actionpack (4.2.2) lib/action_controller/metal/rendering.rb:16:in `render'
  actionpack (4.2.2) lib/action_controller/metal/instrumentation.rb:44:in `block (2 levels) in render'
  activesupport (4.2.2) lib/active_support/core_ext/benchmark.rb:12:in `block in ms'
  /Users/mlg/.rubies/ruby-2.0.0-p576/lib/ruby/2.0.0/benchmark.rb:296:in `realtime'
  activesupport (4.2.2) lib/active_support/core_ext/benchmark.rb:12:in `ms'
  actionpack (4.2.2) lib/action_controller/metal/instrumentation.rb:44:in `block in render'
  actionpack (4.2.2) lib/action_controller/metal/instrumentation.rb:87:in `cleanup_view_runtime'
  activerecord (4.2.2) lib/active_record/railties/controller_runtime.rb:25:in `cleanup_view_runtime'
  actionpack (4.2.2) lib/action_controller/metal/instrumentation.rb:43:in `render'
  actionpack (4.2.2) lib/action_controller/metal/implicit_render.rb:10:in `default_render'
  actionpack (4.2.2) lib/action_controller/metal/implicit_render.rb:5:in `send_action'
  actionpack (4.2.2) lib/abstract_controller/base.rb:198:in `process_action'
  actionpack (4.2.2) lib/action_controller/metal/rendering.rb:10:in `process_action'
  actionpack (4.2.2) lib/abstract_controller/callbacks.rb:20:in `block in process_action'
  activesupport (4.2.2) lib/active_support/callbacks.rb:88:in `call'
  activesupport (4.2.2) lib/active_support/callbacks.rb:88:in `_run_callbacks'
  activesupport (4.2.2) lib/active_support/callbacks.rb:776:in `_run_process_action_callbacks'
  activesupport (4.2.2) lib/active_support/callbacks.rb:81:in `run_callbacks'
  actionpack (4.2.2) lib/abstract_controller/callbacks.rb:19:in `process_action'
  actionpack (4.2.2) lib/action_controller/metal/rescue.rb:29:in `process_action'
  actionpack (4.2.2) lib/action_controller/metal/instrumentation.rb:32:in `block in process_action'
  activesupport (4.2.2) lib/active_support/notifications.rb:164:in `block in instrument'
  activesupport (4.2.2) lib/active_support/notifications/instrumenter.rb:20:in `instrument'
  activesupport (4.2.2) lib/active_support/notifications.rb:164:in `instrument'
  actionpack (4.2.2) lib/action_controller/metal/instrumentation.rb:30:in `process_action'
  actionpack (4.2.2) lib/action_controller/metal/params_wrapper.rb:250:in `process_action'
  activerecord (4.2.2) lib/active_record/railties/controller_runtime.rb:18:in `process_action'
  actionpack (4.2.2) lib/abstract_controller/base.rb:137:in `process'
  actionview (4.2.2) lib/action_view/rendering.rb:30:in `process'
  actionpack (4.2.2) lib/action_controller/metal.rb:196:in `dispatch'
  actionpack (4.2.2) lib/action_controller/metal/rack_delegation.rb:13:in `dispatch'
  actionpack (4.2.2) lib/action_controller/metal.rb:237:in `block in action'
  actionpack (4.2.2) lib/action_dispatch/routing/route_set.rb:74:in `call'
  actionpack (4.2.2) lib/action_dispatch/routing/route_set.rb:74:in `dispatch'
  actionpack (4.2.2) lib/action_dispatch/routing/route_set.rb:43:in `serve'
  actionpack (4.2.2) lib/action_dispatch/journey/router.rb:43:in `block in serve'
  actionpack (4.2.2) lib/action_dispatch/journey/router.rb:30:in `each'
  actionpack (4.2.2) lib/action_dispatch/journey/router.rb:30:in `serve'
  actionpack (4.2.2) lib/action_dispatch/routing/route_set.rb:819:in `call'
  rack (1.6.4) lib/rack/etag.rb:24:in `call'
  rack (1.6.4) lib/rack/conditionalget.rb:25:in `call'
  rack (1.6.4) lib/rack/head.rb:13:in `call'
  actionpack (4.2.2) lib/action_dispatch/middleware/params_parser.rb:27:in `call'
  actionpack (4.2.2) lib/action_dispatch/middleware/flash.rb:260:in `call'
  rack (1.6.4) lib/rack/session/abstract/id.rb:225:in `context'
  rack (1.6.4) lib/rack/session/abstract/id.rb:220:in `call'
  actionpack (4.2.2) lib/action_dispatch/middleware/cookies.rb:560:in `call'
  activerecord (4.2.2) lib/active_record/query_cache.rb:36:in `call'
  activerecord (4.2.2) lib/active_record/connection_adapters/abstract/connection_pool.rb:649:in `call'
  activerecord (4.2.2) lib/active_record/migration.rb:378:in `call'
  actionpack (4.2.2) lib/action_dispatch/middleware/callbacks.rb:29:in `block in call'
  activesupport (4.2.2) lib/active_support/callbacks.rb:88:in `call'
  activesupport (4.2.2) lib/active_support/callbacks.rb:88:in `_run_callbacks'
  activesupport (4.2.2) lib/active_support/callbacks.rb:776:in `_run_call_callbacks'
  activesupport (4.2.2) lib/active_support/callbacks.rb:81:in `run_callbacks'
  actionpack (4.2.2) lib/action_dispatch/middleware/callbacks.rb:27:in `call'
  actionpack (4.2.2) lib/action_dispatch/middleware/reloader.rb:73:in `call'
  actionpack (4.2.2) lib/action_dispatch/middleware/remote_ip.rb:78:in `call'
  actionpack (4.2.2) lib/action_dispatch/middleware/debug_exceptions.rb:17:in `call'
  web-console (2.1.3) lib/web_console/middleware.rb:37:in `call'
  actionpack (4.2.2) lib/action_dispatch/middleware/show_exceptions.rb:30:in `call'
  railties (4.2.2) lib/rails/rack/logger.rb:38:in `call_app'
  railties (4.2.2) lib/rails/rack/logger.rb:20:in `block in call'
  activesupport (4.2.2) lib/active_support/tagged_logging.rb:68:in `block in tagged'
  activesupport (4.2.2) lib/active_support/tagged_logging.rb:26:in `tagged'
  activesupport (4.2.2) lib/active_support/tagged_logging.rb:68:in `tagged'
  railties (4.2.2) lib/rails/rack/logger.rb:20:in `call'
  actionpack (4.2.2) lib/action_dispatch/middleware/request_id.rb:21:in `call'
  rack (1.6.4) lib/rack/methodoverride.rb:22:in `call'
  rack (1.6.4) lib/rack/runtime.rb:18:in `call'
  activesupport (4.2.2) lib/active_support/cache/strategy/local_cache_middleware.rb:28:in `call'
  rack (1.6.4) lib/rack/lock.rb:17:in `call'
  actionpack (4.2.2) lib/action_dispatch/middleware/static.rb:113:in `call'
  rack (1.6.4) lib/rack/sendfile.rb:113:in `call'
  railties (4.2.2) lib/rails/engine.rb:518:in `call'
  railties (4.2.2) lib/rails/application.rb:164:in `call'
  rack (1.6.4) lib/rack/lock.rb:17:in `call'
  rack (1.6.4) lib/rack/content_length.rb:15:in `call'
  rack (1.6.4) lib/rack/handler/webrick.rb:88:in `service'
  /Users/mlg/.rubies/ruby-2.0.0-p576/lib/ruby/2.0.0/webrick/httpserver.rb:138:in `service'
  /Users/mlg/.rubies/ruby-2.0.0-p576/lib/ruby/2.0.0/webrick/httpserver.rb:94:in `run'
  /Users/mlg/.rubies/ruby-2.0.0-p576/lib/ruby/2.0.0/webrick/server.rb:295:in `block in start_thread'


  Rendered /Users/mlg/.gem/ruby/2.0.0/gems/actionpack-4.2.2/lib/action_dispatch/middleware/templates/rescues/_source.erb (8.0ms)
  Rendered /Users/mlg/.gem/ruby/2.0.0/gems/actionpack-4.2.2/lib/action_dispatch/middleware/templates/rescues/_trace.html.erb (2.8ms)
  Rendered /Users/mlg/.gem/ruby/2.0.0/gems/actionpack-4.2.2/lib/action_dispatch/middleware/templates/rescues/_request_and_response.html.erb (1.9ms)
  Rendered /Users/mlg/.gem/ruby/2.0.0/gems/actionpack-4.2.2/lib/action_dispatch/middleware/templates/rescues/missing_template.html.erb within rescues/layout (28.0ms)
  Rendered /Users/mlg/.gem/ruby/2.0.0/gems/web-console-2.1.3/lib/web_console/templates/_markup.html.erb (1.6ms)
  Rendered /Users/mlg/.gem/ruby/2.0.0/gems/web-console-2.1.3/lib/web_console/templates/style.css.erb within layouts/inlined_string (0.5ms)
  Rendered /Users/mlg/.gem/ruby/2.0.0/gems/web-console-2.1.3/lib/web_console/templates/_inner_console_markup.html.erb within layouts/inlined_string (0.3ms)
  Rendered /Users/mlg/.gem/ruby/2.0.0/gems/web-console-2.1.3/lib/web_console/templates/_prompt_box_markup.html.erb within layouts/inlined_string (0.5ms)
  Rendered /Users/mlg/.gem/ruby/2.0.0/gems/web-console-2.1.3/lib/web_console/templates/console.js.erb within layouts/javascript (70.0ms)
  Rendered /Users/mlg/.gem/ruby/2.0.0/gems/web-console-2.1.3/lib/web_console/templates/main.js.erb within layouts/javascript (0.5ms)
  Rendered /Users/mlg/.gem/ruby/2.0.0/gems/web-console-2.1.3/lib/web_console/templates/error_page.js.erb within layouts/javascript (0.4ms)
  Rendered /Users/mlg/.gem/ruby/2.0.0/gems/web-console-2.1.3/lib/web_console/templates/index.html.erb (89.1ms)


Started GET "/questions" for ::1 at 2015-06-22 12:47:19 -0400
Processing by QuestionsController#index as HTML
  Rendered questions/index.html.erb (2.1ms)
Completed 500 Internal Server Error in 4ms (ActiveRecord: 0.0ms)

ActionView::Template::Error (undefined method `each' for nil:NilClass):
    1: <h1>All Questions</h1>
    2: 
    3: <ul>
    4:   <% @questions.each do |question| %>
    5:     <li><%= question.title %></li>
    6:   <% end %>
    7: </ul>
  app/views/questions/index.html.erb:4:in `_app_views_questions_index_html_erb__2075915122774686465_70304136906140'


  Rendered /Users/mlg/.gem/ruby/2.0.0/gems/actionpack-4.2.2/lib/action_dispatch/middleware/templates/rescues/_source.erb (70.4ms)
  Rendered /Users/mlg/.gem/ruby/2.0.0/gems/actionpack-4.2.2/lib/action_dispatch/middleware/templates/rescues/_trace.html.erb (4.6ms)
  Rendered /Users/mlg/.gem/ruby/2.0.0/gems/actionpack-4.2.2/lib/action_dispatch/middleware/templates/rescues/_request_and_response.html.erb (1.8ms)
  Rendered /Users/mlg/.gem/ruby/2.0.0/gems/actionpack-4.2.2/lib/action_dispatch/middleware/templates/rescues/template_error.html.erb within rescues/layout (93.2ms)
  Rendered /Users/mlg/.gem/ruby/2.0.0/gems/web-console-2.1.3/lib/web_console/templates/_markup.html.erb (0.6ms)
  Rendered /Users/mlg/.gem/ruby/2.0.0/gems/web-console-2.1.3/lib/web_console/templates/style.css.erb within layouts/inlined_string (0.4ms)
  Rendered /Users/mlg/.gem/ruby/2.0.0/gems/web-console-2.1.3/lib/web_console/templates/_inner_console_markup.html.erb within layouts/inlined_string (0.5ms)
  Rendered /Users/mlg/.gem/ruby/2.0.0/gems/web-console-2.1.3/lib/web_console/templates/_prompt_box_markup.html.erb within layouts/inlined_string (0.3ms)
  Rendered /Users/mlg/.gem/ruby/2.0.0/gems/web-console-2.1.3/lib/web_console/templates/console.js.erb within layouts/javascript (23.6ms)
  Rendered /Users/mlg/.gem/ruby/2.0.0/gems/web-console-2.1.3/lib/web_console/templates/main.js.erb within layouts/javascript (0.6ms)
  Rendered /Users/mlg/.gem/ruby/2.0.0/gems/web-console-2.1.3/lib/web_console/templates/error_page.js.erb within layouts/javascript (0.6ms)
  Rendered /Users/mlg/.gem/ruby/2.0.0/gems/web-console-2.1.3/lib/web_console/templates/index.html.erb (52.2ms)


Started GET "/questions" for ::1 at 2015-06-22 12:47:37 -0400
Processing by QuestionsController#index as HTML
Completed 500 Internal Server Error in 2ms (ActiveRecord: 0.0ms)

NameError (uninitialized constant QuestionsController::Question):
  app/controllers/questions_controller.rb:3:in `index'


  Rendered /Users/mlg/.gem/ruby/2.0.0/gems/actionpack-4.2.2/lib/action_dispatch/middleware/templates/rescues/_source.erb (6.0ms)
  Rendered /Users/mlg/.gem/ruby/2.0.0/gems/actionpack-4.2.2/lib/action_dispatch/middleware/templates/rescues/_trace.html.erb (2.5ms)
  Rendered /Users/mlg/.gem/ruby/2.0.0/gems/actionpack-4.2.2/lib/action_dispatch/middleware/templates/rescues/_request_and_response.html.erb (1.4ms)
  Rendered /Users/mlg/.gem/ruby/2.0.0/gems/actionpack-4.2.2/lib/action_dispatch/middleware/templates/rescues/diagnostics.html.erb within rescues/layout (27.9ms)
  Rendered /Users/mlg/.gem/ruby/2.0.0/gems/web-console-2.1.3/lib/web_console/templates/_markup.html.erb (0.6ms)
  Rendered /Users/mlg/.gem/ruby/2.0.0/gems/web-console-2.1.3/lib/web_console/templates/style.css.erb within layouts/inlined_string (0.4ms)
  Rendered /Users/mlg/.gem/ruby/2.0.0/gems/web-console-2.1.3/lib/web_console/templates/_inner_console_markup.html.erb within layouts/inlined_string (0.3ms)
  Rendered /Users/mlg/.gem/ruby/2.0.0/gems/web-console-2.1.3/lib/web_console/templates/_prompt_box_markup.html.erb within layouts/inlined_string (0.3ms)
  Rendered /Users/mlg/.gem/ruby/2.0.0/gems/web-console-2.1.3/lib/web_console/templates/console.js.erb within layouts/javascript (77.9ms)
  Rendered /Users/mlg/.gem/ruby/2.0.0/gems/web-console-2.1.3/lib/web_console/templates/main.js.erb within layouts/javascript (0.3ms)
  Rendered /Users/mlg/.gem/ruby/2.0.0/gems/web-console-2.1.3/lib/web_console/templates/error_page.js.erb within layouts/javascript (0.4ms)
  Rendered /Users/mlg/.gem/ruby/2.0.0/gems/web-console-2.1.3/lib/web_console/templates/index.html.erb (98.9ms)


Started GET "/questions" for ::1 at 2015-06-22 12:48:00 -0400
Processing by QuestionsController#index as HTML
  [1m[36mQuestion Load (56.3ms)[0m  [1mSELECT "questions".* FROM "questions"[0m
PG::UndefinedTable: ERROR:  relation "questions" does not exist
LINE 1: SELECT "questions".* FROM "questions"
                                  ^
: SELECT "questions".* FROM "questions"
  Rendered questions/index.html.erb (58.5ms)
Completed 500 Internal Server Error in 87ms (ActiveRecord: 56.3ms)

ActionView::Template::Error (PG::UndefinedTable: ERROR:  relation "questions" does not exist
LINE 1: SELECT "questions".* FROM "questions"
                                  ^
: SELECT "questions".* FROM "questions"):
    1: <h1>All Questions</h1>
    2: 
    3: <ul>
    4:   <% @questions.each do |question| %>
    5:     <li><%= question.title %></li>
    6:   <% end %>
    7: </ul>
  app/views/questions/index.html.erb:4:in `_app_views_questions_index_html_erb__2075915122774686465_70304136906140'


  Rendered /Users/mlg/.gem/ruby/2.0.0/gems/actionpack-4.2.2/lib/action_dispatch/middleware/templates/rescues/_source.erb (9.1ms)
  Rendered /Users/mlg/.gem/ruby/2.0.0/gems/actionpack-4.2.2/lib/action_dispatch/middleware/templates/rescues/_trace.html.erb (3.1ms)
  Rendered /Users/mlg/.gem/ruby/2.0.0/gems/actionpack-4.2.2/lib/action_dispatch/middleware/templates/rescues/_request_and_response.html.erb (1.4ms)
  Rendered /Users/mlg/.gem/ruby/2.0.0/gems/actionpack-4.2.2/lib/action_dispatch/middleware/templates/rescues/template_error.html.erb within rescues/layout (26.5ms)
  Rendered /Users/mlg/.gem/ruby/2.0.0/gems/web-console-2.1.3/lib/web_console/templates/_markup.html.erb (0.6ms)
  Rendered /Users/mlg/.gem/ruby/2.0.0/gems/web-console-2.1.3/lib/web_console/templates/style.css.erb within layouts/inlined_string (0.6ms)
  Rendered /Users/mlg/.gem/ruby/2.0.0/gems/web-console-2.1.3/lib/web_console/templates/_inner_console_markup.html.erb within layouts/inlined_string (0.3ms)
  Rendered /Users/mlg/.gem/ruby/2.0.0/gems/web-console-2.1.3/lib/web_console/templates/_prompt_box_markup.html.erb within layouts/inlined_string (0.3ms)
  Rendered /Users/mlg/.gem/ruby/2.0.0/gems/web-console-2.1.3/lib/web_console/templates/console.js.erb within layouts/javascript (66.4ms)
  Rendered /Users/mlg/.gem/ruby/2.0.0/gems/web-console-2.1.3/lib/web_console/templates/main.js.erb within layouts/javascript (0.3ms)
  Rendered /Users/mlg/.gem/ruby/2.0.0/gems/web-console-2.1.3/lib/web_console/templates/error_page.js.erb within layouts/javascript (0.5ms)
  Rendered /Users/mlg/.gem/ruby/2.0.0/gems/web-console-2.1.3/lib/web_console/templates/index.html.erb (85.6ms)
  [1m[36m (26.4ms)[0m  [1mCREATE TABLE "schema_migrations" ("version" character varying NOT NULL) [0m
  [1m[35m (2.5ms)[0m  CREATE UNIQUE INDEX  "unique_schema_migrations" ON "schema_migrations"  ("version")
  [1m[36mActiveRecord::SchemaMigration Load (0.8ms)[0m  [1mSELECT "schema_migrations".* FROM "schema_migrations"[0m
Migrating to CreateQuestions (20150622164822)
  [1m[35m (0.7ms)[0m  BEGIN
  [1m[36m (16.9ms)[0m  [1mCREATE TABLE "questions" ("id" serial primary key, "title" character varying NOT NULL, "body" text NOT NULL, "created_at" timestamp NOT NULL, "updated_at" timestamp NOT NULL) [0m
  [1m[35mSQL (1.8ms)[0m  INSERT INTO "schema_migrations" ("version") VALUES ($1)  [["version", "20150622164822"]]
  [1m[36m (2.0ms)[0m  [1mCOMMIT[0m
  [1m[35mActiveRecord::SchemaMigration Load (0.9ms)[0m  SELECT "schema_migrations".* FROM "schema_migrations"
  [1m[36m (8.0ms)[0m  [1mSELECT t2.oid::regclass::text AS to_table, a1.attname AS column, a2.attname AS primary_key, c.conname AS name, c.confupdtype AS on_update, c.confdeltype AS on_delete
FROM pg_constraint c
JOIN pg_class t1 ON c.conrelid = t1.oid
JOIN pg_class t2 ON c.confrelid = t2.oid
JOIN pg_attribute a1 ON a1.attnum = c.conkey[1] AND a1.attrelid = t1.oid
JOIN pg_attribute a2 ON a2.attnum = c.confkey[1] AND a2.attrelid = t2.oid
JOIN pg_namespace t3 ON c.connamespace = t3.oid
WHERE c.contype = 'f'
  AND t1.relname = 'questions'
  AND t3.nspname = ANY (current_schemas(false))
ORDER BY c.conname
[0m


Started GET "/questions" for ::1 at 2015-06-22 12:49:39 -0400
  [1m[35mActiveRecord::SchemaMigration Load (0.5ms)[0m  SELECT "schema_migrations".* FROM "schema_migrations"
Processing by QuestionsController#index as HTML
  [1m[36mQuestion Load (0.7ms)[0m  [1mSELECT "questions".* FROM "questions"[0m
  Rendered questions/index.html.erb (3.9ms)
Completed 200 OK in 8ms (Views: 4.1ms | ActiveRecord: 2.0ms)


Started GET "/questions" for ::1 at 2015-06-22 13:01:57 -0400
Processing by QuestionsController#index as HTML
  [1m[35mQuestion Load (0.4ms)[0m  SELECT "questions".* FROM "questions"
  Rendered questions/index.html.erb (3.0ms)
Completed 200 OK in 7ms (Views: 3.6ms | ActiveRecord: 1.5ms)
  [1m[36m (0.3ms)[0m  [1mBEGIN[0m
  [1m[35mSQL (1.0ms)[0m  INSERT INTO "questions" ("title", "body", "created_at", "updated_at") VALUES ($1, $2, $3, $4) RETURNING "id"  [["title", "How does Rails even?"], ["body", "Wut."], ["created_at", "2015-06-22 17:09:38.294358"], ["updated_at", "2015-06-22 17:09:38.294358"]]
  [1m[36m (0.5ms)[0m  [1mCOMMIT[0m


Started GET "/questions" for ::1 at 2015-06-22 13:09:40 -0400
Processing by QuestionsController#index as HTML
  [1m[36mQuestion Load (1.6ms)[0m  [1mSELECT "questions".* FROM "questions"  ORDER BY "questions"."created_at" DESC[0m
  Rendered questions/index.html.erb (24.5ms)
Completed 500 Internal Server Error in 29ms (ActiveRecord: 5.9ms)

ActionView::Template::Error (undefined local variable or method `show_question_path' for #<#<Class:0x007fe1ea492ae0>:0x007fe1ea491e60>):
    2: 
    3: <ul>
    4:   <% @questions.each do |question| %>
    5:     <li><%= link_to question.title, show_question_path %></li>
    6:   <% end %>
    7: </ul>
  app/views/questions/index.html.erb:5:in `block in _app_views_questions_index_html_erb__2075915122774686465_70304137511260'
  app/views/questions/index.html.erb:4:in `_app_views_questions_index_html_erb__2075915122774686465_70304137511260'


  Rendered /Users/mlg/.gem/ruby/2.0.0/gems/actionpack-4.2.2/lib/action_dispatch/middleware/templates/rescues/_source.erb (7.2ms)
  Rendered /Users/mlg/.gem/ruby/2.0.0/gems/actionpack-4.2.2/lib/action_dispatch/middleware/templates/rescues/_trace.html.erb (3.4ms)
  Rendered /Users/mlg/.gem/ruby/2.0.0/gems/actionpack-4.2.2/lib/action_dispatch/middleware/templates/rescues/_request_and_response.html.erb (1.3ms)
  Rendered /Users/mlg/.gem/ruby/2.0.0/gems/actionpack-4.2.2/lib/action_dispatch/middleware/templates/rescues/template_error.html.erb within rescues/layout (30.0ms)
  Rendered /Users/mlg/.gem/ruby/2.0.0/gems/web-console-2.1.3/lib/web_console/templates/_markup.html.erb (0.7ms)
  Rendered /Users/mlg/.gem/ruby/2.0.0/gems/web-console-2.1.3/lib/web_console/templates/style.css.erb within layouts/inlined_string (0.4ms)
  Rendered /Users/mlg/.gem/ruby/2.0.0/gems/web-console-2.1.3/lib/web_console/templates/_inner_console_markup.html.erb within layouts/inlined_string (0.5ms)
  Rendered /Users/mlg/.gem/ruby/2.0.0/gems/web-console-2.1.3/lib/web_console/templates/_prompt_box_markup.html.erb within layouts/inlined_string (0.4ms)
  Rendered /Users/mlg/.gem/ruby/2.0.0/gems/web-console-2.1.3/lib/web_console/templates/console.js.erb within layouts/javascript (24.2ms)
  Rendered /Users/mlg/.gem/ruby/2.0.0/gems/web-console-2.1.3/lib/web_console/templates/main.js.erb within layouts/javascript (0.6ms)
  Rendered /Users/mlg/.gem/ruby/2.0.0/gems/web-console-2.1.3/lib/web_console/templates/error_page.js.erb within layouts/javascript (0.5ms)
  Rendered /Users/mlg/.gem/ruby/2.0.0/gems/web-console-2.1.3/lib/web_console/templates/index.html.erb (53.2ms)


Started GET "/questions" for ::1 at 2015-06-22 13:09:52 -0400
Processing by QuestionsController#index as HTML
  [1m[35mQuestion Load (0.6ms)[0m  SELECT "questions".* FROM "questions"  ORDER BY "questions"."created_at" DESC
  Rendered questions/index.html.erb (13.7ms)
Completed 500 Internal Server Error in 17ms (ActiveRecord: 0.6ms)

ActionView::Template::Error (undefined local variable or method `show_questions_path' for #<#<Class:0x007fe1ea492ae0>:0x007fe1e9b26ec0>):
    2: 
    3: <ul>
    4:   <% @questions.each do |question| %>
    5:     <li><%= link_to question.title, show_questions_path %></li>
    6:   <% end %>
    7: </ul>
  app/views/questions/index.html.erb:5:in `block in _app_views_questions_index_html_erb__2075915122774686465_70304127957820'
  app/views/questions/index.html.erb:4:in `_app_views_questions_index_html_erb__2075915122774686465_70304127957820'


  Rendered /Users/mlg/.gem/ruby/2.0.0/gems/actionpack-4.2.2/lib/action_dispatch/middleware/templates/rescues/_source.erb (6.7ms)
  Rendered /Users/mlg/.gem/ruby/2.0.0/gems/actionpack-4.2.2/lib/action_dispatch/middleware/templates/rescues/_trace.html.erb (2.9ms)
  Rendered /Users/mlg/.gem/ruby/2.0.0/gems/actionpack-4.2.2/lib/action_dispatch/middleware/templates/rescues/_request_and_response.html.erb (1.2ms)
  Rendered /Users/mlg/.gem/ruby/2.0.0/gems/actionpack-4.2.2/lib/action_dispatch/middleware/templates/rescues/template_error.html.erb within rescues/layout (23.4ms)
  Rendered /Users/mlg/.gem/ruby/2.0.0/gems/web-console-2.1.3/lib/web_console/templates/_markup.html.erb (0.5ms)
  Rendered /Users/mlg/.gem/ruby/2.0.0/gems/web-console-2.1.3/lib/web_console/templates/style.css.erb within layouts/inlined_string (0.3ms)
  Rendered /Users/mlg/.gem/ruby/2.0.0/gems/web-console-2.1.3/lib/web_console/templates/_inner_console_markup.html.erb within layouts/inlined_string (0.3ms)
  Rendered /Users/mlg/.gem/ruby/2.0.0/gems/web-console-2.1.3/lib/web_console/templates/_prompt_box_markup.html.erb within layouts/inlined_string (0.4ms)
  Rendered /Users/mlg/.gem/ruby/2.0.0/gems/web-console-2.1.3/lib/web_console/templates/console.js.erb within layouts/javascript (16.1ms)
  Rendered /Users/mlg/.gem/ruby/2.0.0/gems/web-console-2.1.3/lib/web_console/templates/main.js.erb within layouts/javascript (0.3ms)
  Rendered /Users/mlg/.gem/ruby/2.0.0/gems/web-console-2.1.3/lib/web_console/templates/error_page.js.erb within layouts/javascript (0.5ms)
  Rendered /Users/mlg/.gem/ruby/2.0.0/gems/web-console-2.1.3/lib/web_console/templates/index.html.erb (34.1ms)


Started GET "/questions" for ::1 at 2015-06-22 13:11:38 -0400
Processing by QuestionsController#index as HTML
  Rendered questions/index.html.erb (1.8ms)
Completed 500 Internal Server Error in 5ms (ActiveRecord: 0.0ms)

SyntaxError (/Users/mlg/challenges/rescue-mission/app/views/questions/index.html.erb:5: syntax error, unexpected ',', expecting ')'
...pend=( link_to (question.title, show_questions_path) );@outp...
...                               ^):
  app/views/questions/index.html.erb:5: syntax error, unexpected ',', expecting ')'


  Rendered /Users/mlg/.gem/ruby/2.0.0/gems/actionpack-4.2.2/lib/action_dispatch/middleware/templates/rescues/_source.erb (7.0ms)
  Rendered /Users/mlg/.gem/ruby/2.0.0/gems/actionpack-4.2.2/lib/action_dispatch/middleware/templates/rescues/_trace.html.erb (2.8ms)
  Rendered /Users/mlg/.gem/ruby/2.0.0/gems/actionpack-4.2.2/lib/action_dispatch/middleware/templates/rescues/_request_and_response.html.erb (1.1ms)
  Rendered /Users/mlg/.gem/ruby/2.0.0/gems/actionpack-4.2.2/lib/action_dispatch/middleware/templates/rescues/diagnostics.html.erb within rescues/layout (24.3ms)
  Rendered /Users/mlg/.gem/ruby/2.0.0/gems/web-console-2.1.3/lib/web_console/templates/_markup.html.erb (0.5ms)
  Rendered /Users/mlg/.gem/ruby/2.0.0/gems/web-console-2.1.3/lib/web_console/templates/style.css.erb within layouts/inlined_string (0.3ms)
  Rendered /Users/mlg/.gem/ruby/2.0.0/gems/web-console-2.1.3/lib/web_console/templates/_inner_console_markup.html.erb within layouts/inlined_string (0.5ms)
  Rendered /Users/mlg/.gem/ruby/2.0.0/gems/web-console-2.1.3/lib/web_console/templates/_prompt_box_markup.html.erb within layouts/inlined_string (0.6ms)
  Rendered /Users/mlg/.gem/ruby/2.0.0/gems/web-console-2.1.3/lib/web_console/templates/console.js.erb within layouts/javascript (17.4ms)
  Rendered /Users/mlg/.gem/ruby/2.0.0/gems/web-console-2.1.3/lib/web_console/templates/main.js.erb within layouts/javascript (0.3ms)
  Rendered /Users/mlg/.gem/ruby/2.0.0/gems/web-console-2.1.3/lib/web_console/templates/error_page.js.erb within layouts/javascript (0.6ms)
  Rendered /Users/mlg/.gem/ruby/2.0.0/gems/web-console-2.1.3/lib/web_console/templates/index.html.erb (36.8ms)


Started GET "/questions" for ::1 at 2015-06-22 13:12:33 -0400
Processing by QuestionsController#index as HTML
  Rendered questions/index.html.erb (1.6ms)
Completed 500 Internal Server Error in 6ms (ActiveRecord: 0.0ms)

SyntaxError (/Users/mlg/challenges/rescue-mission/app/views/questions/index.html.erb:5: syntax error, unexpected ',', expecting ')'
...pend=( link_to (question.title, question_path) );@output_buf...
...                               ^):
  app/views/questions/index.html.erb:5: syntax error, unexpected ',', expecting ')'


  Rendered /Users/mlg/.gem/ruby/2.0.0/gems/actionpack-4.2.2/lib/action_dispatch/middleware/templates/rescues/_source.erb (8.7ms)
  Rendered /Users/mlg/.gem/ruby/2.0.0/gems/actionpack-4.2.2/lib/action_dispatch/middleware/templates/rescues/_trace.html.erb (2.9ms)
  Rendered /Users/mlg/.gem/ruby/2.0.0/gems/actionpack-4.2.2/lib/action_dispatch/middleware/templates/rescues/_request_and_response.html.erb (1.3ms)
  Rendered /Users/mlg/.gem/ruby/2.0.0/gems/actionpack-4.2.2/lib/action_dispatch/middleware/templates/rescues/diagnostics.html.erb within rescues/layout (27.7ms)
  Rendered /Users/mlg/.gem/ruby/2.0.0/gems/web-console-2.1.3/lib/web_console/templates/_markup.html.erb (0.4ms)
  Rendered /Users/mlg/.gem/ruby/2.0.0/gems/web-console-2.1.3/lib/web_console/templates/style.css.erb within layouts/inlined_string (0.6ms)
  Rendered /Users/mlg/.gem/ruby/2.0.0/gems/web-console-2.1.3/lib/web_console/templates/_inner_console_markup.html.erb within layouts/inlined_string (0.3ms)
  Rendered /Users/mlg/.gem/ruby/2.0.0/gems/web-console-2.1.3/lib/web_console/templates/_prompt_box_markup.html.erb within layouts/inlined_string (0.3ms)
  Rendered /Users/mlg/.gem/ruby/2.0.0/gems/web-console-2.1.3/lib/web_console/templates/console.js.erb within layouts/javascript (18.0ms)
  Rendered /Users/mlg/.gem/ruby/2.0.0/gems/web-console-2.1.3/lib/web_console/templates/main.js.erb within layouts/javascript (0.4ms)
  Rendered /Users/mlg/.gem/ruby/2.0.0/gems/web-console-2.1.3/lib/web_console/templates/error_page.js.erb within layouts/javascript (0.4ms)
  Rendered /Users/mlg/.gem/ruby/2.0.0/gems/web-console-2.1.3/lib/web_console/templates/index.html.erb (38.1ms)


Started GET "/questions" for ::1 at 2015-06-22 13:12:41 -0400
Processing by QuestionsController#index as HTML
  [1m[36mQuestion Load (0.5ms)[0m  [1mSELECT "questions".* FROM "questions"  ORDER BY "questions"."created_at" DESC[0m
  Rendered questions/index.html.erb (62.5ms)
Completed 500 Internal Server Error in 65ms (ActiveRecord: 0.5ms)

ActionView::Template::Error (undefined local variable or method `question_path' for #<#<Class:0x007fe1ea492ae0>:0x007fe1e9668488>):
    2: 
    3: <ul>
    4:   <% @questions.each do |question| %>
    5:     <li><%= link_to question.title, question_path %></li>
    6:   <% end %>
    7: </ul>
  app/views/questions/index.html.erb:5:in `block in _app_views_questions_index_html_erb__2075915122774686465_70304130160840'
  app/views/questions/index.html.erb:4:in `_app_views_questions_index_html_erb__2075915122774686465_70304130160840'


  Rendered /Users/mlg/.gem/ruby/2.0.0/gems/actionpack-4.2.2/lib/action_dispatch/middleware/templates/rescues/_source.erb (7.6ms)
  Rendered /Users/mlg/.gem/ruby/2.0.0/gems/actionpack-4.2.2/lib/action_dispatch/middleware/templates/rescues/_trace.html.erb (55.3ms)
  Rendered /Users/mlg/.gem/ruby/2.0.0/gems/actionpack-4.2.2/lib/action_dispatch/middleware/templates/rescues/_request_and_response.html.erb (1.4ms)
  Rendered /Users/mlg/.gem/ruby/2.0.0/gems/actionpack-4.2.2/lib/action_dispatch/middleware/templates/rescues/template_error.html.erb within rescues/layout (80.4ms)
  Rendered /Users/mlg/.gem/ruby/2.0.0/gems/web-console-2.1.3/lib/web_console/templates/_markup.html.erb (0.7ms)
  Rendered /Users/mlg/.gem/ruby/2.0.0/gems/web-console-2.1.3/lib/web_console/templates/style.css.erb within layouts/inlined_string (0.3ms)
  Rendered /Users/mlg/.gem/ruby/2.0.0/gems/web-console-2.1.3/lib/web_console/templates/_inner_console_markup.html.erb within layouts/inlined_string (0.5ms)
  Rendered /Users/mlg/.gem/ruby/2.0.0/gems/web-console-2.1.3/lib/web_console/templates/_prompt_box_markup.html.erb within layouts/inlined_string (0.4ms)
  Rendered /Users/mlg/.gem/ruby/2.0.0/gems/web-console-2.1.3/lib/web_console/templates/console.js.erb within layouts/javascript (19.9ms)
  Rendered /Users/mlg/.gem/ruby/2.0.0/gems/web-console-2.1.3/lib/web_console/templates/main.js.erb within layouts/javascript (0.3ms)
  Rendered /Users/mlg/.gem/ruby/2.0.0/gems/web-console-2.1.3/lib/web_console/templates/error_page.js.erb within layouts/javascript (0.5ms)
  Rendered /Users/mlg/.gem/ruby/2.0.0/gems/web-console-2.1.3/lib/web_console/templates/index.html.erb (40.8ms)


Started GET "/questions" for ::1 at 2015-06-22 13:13:04 -0400
Processing by QuestionsController#index as HTML
  [1m[35mQuestion Load (0.5ms)[0m  SELECT "questions".* FROM "questions"  ORDER BY "questions"."created_at" DESC
  Rendered questions/index.html.erb (10.5ms)
Completed 500 Internal Server Error in 15ms (ActiveRecord: 3.3ms)

ActionView::Template::Error (No route matches {:action=>"show", :controller=>"questions"} missing required keys: [:id]):
    2: 
    3: <ul>
    4:   <% @questions.each do |question| %>
    5:     <li><%= link_to question.title, question_path %></li>
    6:   <% end %>
    7: </ul>
  app/views/questions/index.html.erb:5:in `block in _app_views_questions_index_html_erb__2075915122774686465_70304130160840'
  app/views/questions/index.html.erb:4:in `_app_views_questions_index_html_erb__2075915122774686465_70304130160840'


  Rendered /Users/mlg/.gem/ruby/2.0.0/gems/actionpack-4.2.2/lib/action_dispatch/middleware/templates/rescues/_source.erb (6.6ms)
  Rendered /Users/mlg/.gem/ruby/2.0.0/gems/actionpack-4.2.2/lib/action_dispatch/middleware/templates/rescues/_trace.html.erb (2.9ms)
  Rendered /Users/mlg/.gem/ruby/2.0.0/gems/actionpack-4.2.2/lib/action_dispatch/middleware/templates/rescues/_request_and_response.html.erb (1.2ms)
  Rendered /Users/mlg/.gem/ruby/2.0.0/gems/actionpack-4.2.2/lib/action_dispatch/middleware/templates/rescues/template_error.html.erb within rescues/layout (23.3ms)
  Rendered /Users/mlg/.gem/ruby/2.0.0/gems/web-console-2.1.3/lib/web_console/templates/_markup.html.erb (0.3ms)
  Rendered /Users/mlg/.gem/ruby/2.0.0/gems/web-console-2.1.3/lib/web_console/templates/style.css.erb within layouts/inlined_string (0.6ms)
  Rendered /Users/mlg/.gem/ruby/2.0.0/gems/web-console-2.1.3/lib/web_console/templates/_inner_console_markup.html.erb within layouts/inlined_string (0.3ms)
  Rendered /Users/mlg/.gem/ruby/2.0.0/gems/web-console-2.1.3/lib/web_console/templates/_prompt_box_markup.html.erb within layouts/inlined_string (0.6ms)
  Rendered /Users/mlg/.gem/ruby/2.0.0/gems/web-console-2.1.3/lib/web_console/templates/console.js.erb within layouts/javascript (18.3ms)
  Rendered /Users/mlg/.gem/ruby/2.0.0/gems/web-console-2.1.3/lib/web_console/templates/main.js.erb within layouts/javascript (0.4ms)
  Rendered /Users/mlg/.gem/ruby/2.0.0/gems/web-console-2.1.3/lib/web_console/templates/error_page.js.erb within layouts/javascript (0.5ms)
  Rendered /Users/mlg/.gem/ruby/2.0.0/gems/web-console-2.1.3/lib/web_console/templates/index.html.erb (38.8ms)


Started GET "/questions" for ::1 at 2015-06-22 13:13:46 -0400
Processing by QuestionsController#index as HTML
  [1m[36mQuestion Load (0.5ms)[0m  [1mSELECT "questions".* FROM "questions"  ORDER BY "questions"."created_at" DESC[0m
  Rendered questions/index.html.erb (14.7ms)
Completed 500 Internal Server Error in 19ms (ActiveRecord: 3.7ms)

ActionView::Template::Error (No route matches {:action=>"show", :controller=>"questions"} missing required keys: [:id]):
    2: 
    3: <ul>
    4:   <% @questions.each do |question| %>
    5:     <li><%= link_to question.title, question_path %></li>
    6:   <% end %>
    7: </ul>
  app/views/questions/index.html.erb:5:in `block in _app_views_questions_index_html_erb__2075915122774686465_70304130160840'
  app/views/questions/index.html.erb:4:in `_app_views_questions_index_html_erb__2075915122774686465_70304130160840'


  Rendered /Users/mlg/.gem/ruby/2.0.0/gems/actionpack-4.2.2/lib/action_dispatch/middleware/templates/rescues/_source.erb (7.3ms)
  Rendered /Users/mlg/.gem/ruby/2.0.0/gems/actionpack-4.2.2/lib/action_dispatch/middleware/templates/rescues/_trace.html.erb (2.6ms)
  Rendered /Users/mlg/.gem/ruby/2.0.0/gems/actionpack-4.2.2/lib/action_dispatch/middleware/templates/rescues/_request_and_response.html.erb (1.2ms)
  Rendered /Users/mlg/.gem/ruby/2.0.0/gems/actionpack-4.2.2/lib/action_dispatch/middleware/templates/rescues/template_error.html.erb within rescues/layout (25.0ms)
  Rendered /Users/mlg/.gem/ruby/2.0.0/gems/web-console-2.1.3/lib/web_console/templates/_markup.html.erb (0.4ms)
  Rendered /Users/mlg/.gem/ruby/2.0.0/gems/web-console-2.1.3/lib/web_console/templates/style.css.erb within layouts/inlined_string (0.4ms)
  Rendered /Users/mlg/.gem/ruby/2.0.0/gems/web-console-2.1.3/lib/web_console/templates/_inner_console_markup.html.erb within layouts/inlined_string (0.3ms)
  Rendered /Users/mlg/.gem/ruby/2.0.0/gems/web-console-2.1.3/lib/web_console/templates/_prompt_box_markup.html.erb within layouts/inlined_string (0.3ms)
  Rendered /Users/mlg/.gem/ruby/2.0.0/gems/web-console-2.1.3/lib/web_console/templates/console.js.erb within layouts/javascript (66.8ms)
  Rendered /Users/mlg/.gem/ruby/2.0.0/gems/web-console-2.1.3/lib/web_console/templates/main.js.erb within layouts/javascript (0.3ms)
  Rendered /Users/mlg/.gem/ruby/2.0.0/gems/web-console-2.1.3/lib/web_console/templates/error_page.js.erb within layouts/javascript (0.5ms)
  Rendered /Users/mlg/.gem/ruby/2.0.0/gems/web-console-2.1.3/lib/web_console/templates/index.html.erb (84.5ms)


Started GET "/questions" for ::1 at 2015-06-22 13:15:14 -0400
Processing by QuestionsController#index as HTML
  [1m[35mQuestion Load (0.7ms)[0m  SELECT "questions".* FROM "questions"  ORDER BY "questions"."created_at" DESC
  Rendered questions/index.html.erb (4.7ms)
Completed 500 Internal Server Error in 7ms (ActiveRecord: 0.7ms)

ActionView::Template::Error (No route matches {:action=>"show", :controller=>"questions"} missing required keys: [:id]):
    2: 
    3: <ul>
    4:   <% @questions.each do |question| %>
    5:     <li><%= link_to question.title, question_path %></li>
    6:   <% end %>
    7: </ul>
  app/views/questions/index.html.erb:5:in `block in _app_views_questions_index_html_erb__2075915122774686465_70304130160840'
  app/views/questions/index.html.erb:4:in `_app_views_questions_index_html_erb__2075915122774686465_70304130160840'


  Rendered /Users/mlg/.gem/ruby/2.0.0/gems/actionpack-4.2.2/lib/action_dispatch/middleware/templates/rescues/_source.erb (7.4ms)
  Rendered /Users/mlg/.gem/ruby/2.0.0/gems/actionpack-4.2.2/lib/action_dispatch/middleware/templates/rescues/_trace.html.erb (2.6ms)
  Rendered /Users/mlg/.gem/ruby/2.0.0/gems/actionpack-4.2.2/lib/action_dispatch/middleware/templates/rescues/_request_and_response.html.erb (1.3ms)
  Rendered /Users/mlg/.gem/ruby/2.0.0/gems/actionpack-4.2.2/lib/action_dispatch/middleware/templates/rescues/template_error.html.erb within rescues/layout (26.1ms)
  Rendered /Users/mlg/.gem/ruby/2.0.0/gems/web-console-2.1.3/lib/web_console/templates/_markup.html.erb (0.5ms)
  Rendered /Users/mlg/.gem/ruby/2.0.0/gems/web-console-2.1.3/lib/web_console/templates/style.css.erb within layouts/inlined_string (0.4ms)
  Rendered /Users/mlg/.gem/ruby/2.0.0/gems/web-console-2.1.3/lib/web_console/templates/_inner_console_markup.html.erb within layouts/inlined_string (0.3ms)
  Rendered /Users/mlg/.gem/ruby/2.0.0/gems/web-console-2.1.3/lib/web_console/templates/_prompt_box_markup.html.erb within layouts/inlined_string (0.4ms)
  Rendered /Users/mlg/.gem/ruby/2.0.0/gems/web-console-2.1.3/lib/web_console/templates/console.js.erb within layouts/javascript (17.1ms)
  Rendered /Users/mlg/.gem/ruby/2.0.0/gems/web-console-2.1.3/lib/web_console/templates/main.js.erb within layouts/javascript (0.4ms)
  Rendered /Users/mlg/.gem/ruby/2.0.0/gems/web-console-2.1.3/lib/web_console/templates/error_page.js.erb within layouts/javascript (0.4ms)
  Rendered /Users/mlg/.gem/ruby/2.0.0/gems/web-console-2.1.3/lib/web_console/templates/index.html.erb (36.1ms)


Started GET "/questions" for ::1 at 2015-06-22 13:16:10 -0400
Processing by QuestionsController#index as HTML
  [1m[36mQuestion Load (0.5ms)[0m  [1mSELECT "questions".* FROM "questions"  ORDER BY "questions"."created_at" DESC[0m
  Rendered questions/index.html.erb (2.8ms)
Completed 500 Internal Server Error in 5ms (ActiveRecord: 0.5ms)

ActionView::Template::Error (No route matches {:action=>"show", :controller=>"questions"} missing required keys: [:id]):
    2: 
    3: <ul>
    4:   <% @questions.each do |question| %>
    5:     <li><%= link_to question.title, question_path %></li>
    6:   <% end %>
    7: </ul>
  app/views/questions/index.html.erb:5:in `block in _app_views_questions_index_html_erb__2075915122774686465_70304130160840'
  app/views/questions/index.html.erb:4:in `_app_views_questions_index_html_erb__2075915122774686465_70304130160840'


  Rendered /Users/mlg/.gem/ruby/2.0.0/gems/actionpack-4.2.2/lib/action_dispatch/middleware/templates/rescues/_source.erb (7.3ms)
  Rendered /Users/mlg/.gem/ruby/2.0.0/gems/actionpack-4.2.2/lib/action_dispatch/middleware/templates/rescues/_trace.html.erb (3.0ms)
  Rendered /Users/mlg/.gem/ruby/2.0.0/gems/actionpack-4.2.2/lib/action_dispatch/middleware/templates/rescues/_request_and_response.html.erb (1.2ms)
  Rendered /Users/mlg/.gem/ruby/2.0.0/gems/actionpack-4.2.2/lib/action_dispatch/middleware/templates/rescues/template_error.html.erb within rescues/layout (26.5ms)
  Rendered /Users/mlg/.gem/ruby/2.0.0/gems/web-console-2.1.3/lib/web_console/templates/_markup.html.erb (0.5ms)
  Rendered /Users/mlg/.gem/ruby/2.0.0/gems/web-console-2.1.3/lib/web_console/templates/style.css.erb within layouts/inlined_string (0.4ms)
  Rendered /Users/mlg/.gem/ruby/2.0.0/gems/web-console-2.1.3/lib/web_console/templates/_inner_console_markup.html.erb within layouts/inlined_string (0.6ms)
  Rendered /Users/mlg/.gem/ruby/2.0.0/gems/web-console-2.1.3/lib/web_console/templates/_prompt_box_markup.html.erb within layouts/inlined_string (0.4ms)
  Rendered /Users/mlg/.gem/ruby/2.0.0/gems/web-console-2.1.3/lib/web_console/templates/console.js.erb within layouts/javascript (22.9ms)
  Rendered /Users/mlg/.gem/ruby/2.0.0/gems/web-console-2.1.3/lib/web_console/templates/main.js.erb within layouts/javascript (0.6ms)
  Rendered /Users/mlg/.gem/ruby/2.0.0/gems/web-console-2.1.3/lib/web_console/templates/error_page.js.erb within layouts/javascript (0.7ms)
  Rendered /Users/mlg/.gem/ruby/2.0.0/gems/web-console-2.1.3/lib/web_console/templates/index.html.erb (45.9ms)


Started GET "/questions" for ::1 at 2015-06-22 13:16:36 -0400
Processing by QuestionsController#index as HTML
  [1m[35mQuestion Load (0.5ms)[0m  SELECT "questions".* FROM "questions"  ORDER BY "questions"."created_at" DESC
  Rendered questions/index.html.erb (11.0ms)
Completed 500 Internal Server Error in 15ms (ActiveRecord: 3.3ms)

ActionView::Template::Error (No route matches {:action=>"show", :controller=>"questions"} missing required keys: [:id]):
    2: 
    3: <ul>
    4:   <% @questions.each do |question| %>
    5:     <li><%= link_to question.title, question_path %></li>
    6:   <% end %>
    7: </ul>
  app/views/questions/index.html.erb:5:in `block in _app_views_questions_index_html_erb__2075915122774686465_70304130160840'
  app/views/questions/index.html.erb:4:in `_app_views_questions_index_html_erb__2075915122774686465_70304130160840'


  Rendered /Users/mlg/.gem/ruby/2.0.0/gems/actionpack-4.2.2/lib/action_dispatch/middleware/templates/rescues/_source.erb (7.0ms)
  Rendered /Users/mlg/.gem/ruby/2.0.0/gems/actionpack-4.2.2/lib/action_dispatch/middleware/templates/rescues/_trace.html.erb (2.9ms)
  Rendered /Users/mlg/.gem/ruby/2.0.0/gems/actionpack-4.2.2/lib/action_dispatch/middleware/templates/rescues/_request_and_response.html.erb (1.4ms)
  Rendered /Users/mlg/.gem/ruby/2.0.0/gems/actionpack-4.2.2/lib/action_dispatch/middleware/templates/rescues/template_error.html.erb within rescues/layout (27.5ms)
  Rendered /Users/mlg/.gem/ruby/2.0.0/gems/web-console-2.1.3/lib/web_console/templates/_markup.html.erb (0.3ms)
  Rendered /Users/mlg/.gem/ruby/2.0.0/gems/web-console-2.1.3/lib/web_console/templates/style.css.erb within layouts/inlined_string (0.3ms)
  Rendered /Users/mlg/.gem/ruby/2.0.0/gems/web-console-2.1.3/lib/web_console/templates/_inner_console_markup.html.erb within layouts/inlined_string (0.3ms)
  Rendered /Users/mlg/.gem/ruby/2.0.0/gems/web-console-2.1.3/lib/web_console/templates/_prompt_box_markup.html.erb within layouts/inlined_string (0.3ms)
  Rendered /Users/mlg/.gem/ruby/2.0.0/gems/web-console-2.1.3/lib/web_console/templates/console.js.erb within layouts/javascript (15.7ms)
  Rendered /Users/mlg/.gem/ruby/2.0.0/gems/web-console-2.1.3/lib/web_console/templates/main.js.erb within layouts/javascript (0.5ms)
  Rendered /Users/mlg/.gem/ruby/2.0.0/gems/web-console-2.1.3/lib/web_console/templates/error_page.js.erb within layouts/javascript (0.4ms)
  Rendered /Users/mlg/.gem/ruby/2.0.0/gems/web-console-2.1.3/lib/web_console/templates/index.html.erb (33.7ms)


Started GET "/questions" for ::1 at 2015-06-22 13:18:32 -0400
Processing by QuestionsController#index as HTML
  [1m[36mQuestion Load (0.5ms)[0m  [1mSELECT "questions".* FROM "questions"  ORDER BY "questions"."created_at" DESC[0m
  Rendered questions/index.html.erb (3.7ms)
Completed 500 Internal Server Error in 6ms (ActiveRecord: 0.5ms)

ActionView::Template::Error (No route matches {:action=>"show", :controller=>"questions"} missing required keys: [:id]):
    2: 
    3: <ul>
    4:   <% @questions.each do |question| %>
    5:     <li><%= link_to "#{question.title}", question_path, method: :show %></li>
    6:   <% end %>
    7: </ul>
  app/views/questions/index.html.erb:5:in `block in _app_views_questions_index_html_erb__2075915122774686465_70304133739340'
  app/views/questions/index.html.erb:4:in `_app_views_questions_index_html_erb__2075915122774686465_70304133739340'


  Rendered /Users/mlg/.gem/ruby/2.0.0/gems/actionpack-4.2.2/lib/action_dispatch/middleware/templates/rescues/_source.erb (8.8ms)
  Rendered /Users/mlg/.gem/ruby/2.0.0/gems/actionpack-4.2.2/lib/action_dispatch/middleware/templates/rescues/_trace.html.erb (2.7ms)
  Rendered /Users/mlg/.gem/ruby/2.0.0/gems/actionpack-4.2.2/lib/action_dispatch/middleware/templates/rescues/_request_and_response.html.erb (1.4ms)
  Rendered /Users/mlg/.gem/ruby/2.0.0/gems/actionpack-4.2.2/lib/action_dispatch/middleware/templates/rescues/template_error.html.erb within rescues/layout (28.1ms)
  Rendered /Users/mlg/.gem/ruby/2.0.0/gems/web-console-2.1.3/lib/web_console/templates/_markup.html.erb (0.4ms)
  Rendered /Users/mlg/.gem/ruby/2.0.0/gems/web-console-2.1.3/lib/web_console/templates/style.css.erb within layouts/inlined_string (0.4ms)
  Rendered /Users/mlg/.gem/ruby/2.0.0/gems/web-console-2.1.3/lib/web_console/templates/_inner_console_markup.html.erb within layouts/inlined_string (0.4ms)
  Rendered /Users/mlg/.gem/ruby/2.0.0/gems/web-console-2.1.3/lib/web_console/templates/_prompt_box_markup.html.erb within layouts/inlined_string (0.7ms)
  Rendered /Users/mlg/.gem/ruby/2.0.0/gems/web-console-2.1.3/lib/web_console/templates/console.js.erb within layouts/javascript (19.6ms)
  Rendered /Users/mlg/.gem/ruby/2.0.0/gems/web-console-2.1.3/lib/web_console/templates/main.js.erb within layouts/javascript (0.6ms)
  Rendered /Users/mlg/.gem/ruby/2.0.0/gems/web-console-2.1.3/lib/web_console/templates/error_page.js.erb within layouts/javascript (0.5ms)
  Rendered /Users/mlg/.gem/ruby/2.0.0/gems/web-console-2.1.3/lib/web_console/templates/index.html.erb (41.8ms)
  [1m[35mQuestion Load (1.1ms)[0m  SELECT "questions".* FROM "questions"
  [1m[36mQuestion Load (1.2ms)[0m  [1mSELECT  "questions".* FROM "questions"  ORDER BY "questions"."id" ASC LIMIT 1[0m


Started GET "/questions" for ::1 at 2015-06-22 13:20:42 -0400
Processing by QuestionsController#index as HTML
  [1m[35mQuestion Load (0.6ms)[0m  SELECT "questions".* FROM "questions"  ORDER BY "questions"."created_at" DESC
  Rendered questions/index.html.erb (2.7ms)
Completed 200 OK in 5ms (Views: 3.9ms | ActiveRecord: 0.6ms)


Started GET "/questions/1" for ::1 at 2015-06-22 13:20:43 -0400
Processing by QuestionsController#show as HTML
  Parameters: {"id"=>"1"}
  [1m[36mQuestion Load (0.5ms)[0m  [1mSELECT  "questions".* FROM "questions" WHERE "questions"."id" = $1 LIMIT 1[0m  [["id", 1]]
  Rendered questions/show.html.erb (0.6ms)
Completed 200 OK in 16ms (Views: 2.8ms | ActiveRecord: 1.2ms)


Started GET "/questions" for ::1 at 2015-06-22 13:22:22 -0400
Processing by QuestionsController#index as HTML
  [1m[35mQuestion Load (0.8ms)[0m  SELECT "questions".* FROM "questions"  ORDER BY "questions"."created_at" DESC
  Rendered questions/index.html.erb (3.1ms)
Completed 200 OK in 6ms (Views: 4.9ms | ActiveRecord: 0.8ms)


Started GET "/questions" for ::1 at 2015-06-22 13:23:19 -0400
Processing by QuestionsController#index as HTML
  [1m[36mQuestion Load (0.6ms)[0m  [1mSELECT "questions".* FROM "questions"  ORDER BY "questions"."created_at" DESC[0m
  Rendered questions/index.html.erb (1.9ms)
Completed 200 OK in 5ms (Views: 4.0ms | ActiveRecord: 0.6ms)


Started GET "/questions" for ::1 at 2015-06-22 13:25:43 -0400
Processing by QuestionsController#index as HTML
  [1m[35mQuestion Load (0.5ms)[0m  SELECT "questions".* FROM "questions"  ORDER BY "questions"."created_at" DESC
  Rendered questions/index.html.erb (1.4ms)
Completed 200 OK in 3ms (Views: 2.5ms | ActiveRecord: 0.5ms)


Started GET "/questions/1" for ::1 at 2015-06-22 13:26:50 -0400
Processing by QuestionsController#show as HTML
  Parameters: {"id"=>"1"}
  [1m[36mQuestion Load (0.3ms)[0m  [1mSELECT  "questions".* FROM "questions" WHERE "questions"."id" = $1 LIMIT 1[0m  [["id", 1]]
  Rendered questions/show.html.erb (0.5ms)
Completed 200 OK in 14ms (Views: 2.8ms | ActiveRecord: 3.1ms)


Started GET "/questions/1" for ::1 at 2015-06-22 13:27:48 -0400
Processing by QuestionsController#show as HTML
  Parameters: {"id"=>"1"}
  [1m[35mQuestion Load (1.4ms)[0m  SELECT  "questions".* FROM "questions" WHERE "questions"."id" = $1 LIMIT 1  [["id", 1]]
  Rendered questions/show.html.erb (0.1ms)
Completed 200 OK in 5ms (Views: 2.6ms | ActiveRecord: 1.4ms)
  [1m[36mActiveRecord::SchemaMigration Load (0.7ms)[0m  [1mSELECT "schema_migrations".* FROM "schema_migrations"[0m
  [1m[35mActiveRecord::SchemaMigration Load (0.3ms)[0m  SELECT "schema_migrations".* FROM "schema_migrations"
  [1m[36m (5.9ms)[0m  [1mSELECT t2.oid::regclass::text AS to_table, a1.attname AS column, a2.attname AS primary_key, c.conname AS name, c.confupdtype AS on_update, c.confdeltype AS on_delete
FROM pg_constraint c
JOIN pg_class t1 ON c.conrelid = t1.oid
JOIN pg_class t2 ON c.confrelid = t2.oid
JOIN pg_attribute a1 ON a1.attnum = c.conkey[1] AND a1.attrelid = t1.oid
JOIN pg_attribute a2 ON a2.attnum = c.confkey[1] AND a2.attrelid = t2.oid
JOIN pg_namespace t3 ON c.connamespace = t3.oid
WHERE c.contype = 'f'
  AND t1.relname = 'questions'
  AND t3.nspname = ANY (current_schemas(false))
ORDER BY c.conname
[0m


Started GET "/questions/1" for ::1 at 2015-06-22 13:59:05 -0400
Processing by QuestionsController#show as HTML
  Parameters: {"id"=>"1"}
  [1m[36mQuestion Load (2.5ms)[0m  [1mSELECT  "questions".* FROM "questions" WHERE "questions"."id" = $1 LIMIT 1[0m  [["id", 1]]
  Rendered questions/show.html.erb (0.3ms)
Completed 200 OK in 58ms (Views: 7.8ms | ActiveRecord: 16.0ms)


Started GET "/questions/1" for ::1 at 2015-06-22 13:59:09 -0400
Processing by QuestionsController#show as HTML
  Parameters: {"id"=>"1"}
  [1m[35mQuestion Load (1.3ms)[0m  SELECT  "questions".* FROM "questions" WHERE "questions"."id" = $1 LIMIT 1  [["id", 1]]
  Rendered questions/show.html.erb (0.2ms)
Completed 200 OK in 9ms (Views: 4.4ms | ActiveRecord: 1.3ms)
